<?xml version="1.0" encoding="UTF-8" standalone="yes"?>
<ns2:test-suite start="1579256697802" stop="1579256698338" version="1.5.4" xmlns:ns2="urn:model.allure.qatools.yandex.ru">
    <name>Suite1 : Traveler</name>
    <title>Suite1 : Traveler</title>
    <test-cases>
        <test-case start="1579256697780" stop="1579256697794" status="broken">
            <name>setUp</name>
            <description>@BeforeSuite</description>
            <failure>
                <message>InvalidArgumentException: invalid argument: entry 0 of 'firstMatch' is invalid
from invalid argument: cannot parse capability: pageLoadStrategy
from invalid argument: invalid 'pageLoadStrategy'
Build info: version: '4.0.0-alpha-3', revision: '8c567de6dc'
System info: host: 'WIN-H3K2C979116', ip: '192.168.31.20', os.name: 'Windows 10', os.arch: 'amd64', os.version: '10.0', java.version: '1.8.0_231'
Driver info: driver.version: ChromeDriver
remote stacktrace: Backtrace:
	Ordinal0 [0x004EA923+1550627]
	Ordinal0 [0x0046A731+1025841]
	Ordinal0 [0x003EC715+509717]
	Ordinal0 [0x003761EC+25068]
	Ordinal0 [0x0037A794+42900]
	Ordinal0 [0x00375D6F+23919]
	Ordinal0 [0x0039A4B7+173239]
	Ordinal0 [0x0039A9CA+174538]
	Ordinal0 [0x0039A8ED+174317]
	Ordinal0 [0x00398CDB+167131]
	Ordinal0 [0x0038144A+70730]
	Ordinal0 [0x003824D0+74960]
	Ordinal0 [0x00382469+74857]
	Ordinal0 [0x004842F7+1131255]
	GetHandleVerifier [0x0058711D+523789]
	GetHandleVerifier [0x00586EB0+523168]
	GetHandleVerifier [0x0058E207+552695]
	GetHandleVerifier [0x0058791A+525834]
	Ordinal0 [0x0047B82C+1095724]
	Ordinal0 [0x0048636B+1139563]
	Ordinal0 [0x004864D3+1139923]
	Ordinal0 [0x00485455+1135701]
	BaseThreadInitThunk [0x75430419+25]
	RtlGetAppContainerNamedObjectPath [0x77D1662D+237]
	RtlGetAppContainerNamedObjectPath [0x77D165FD+189]
</message>
                <stack-trace>org.openqa.selenium.InvalidArgumentException: invalid argument: entry 0 of 'firstMatch' is invalid
from invalid argument: cannot parse capability: pageLoadStrategy
from invalid argument: invalid 'pageLoadStrategy'
Build info: version: '4.0.0-alpha-3', revision: '8c567de6dc'
System info: host: 'WIN-H3K2C979116', ip: '192.168.31.20', os.name: 'Windows 10', os.arch: 'amd64', os.version: '10.0', java.version: '1.8.0_231'
Driver info: driver.version: ChromeDriver
remote stacktrace: Backtrace:
	Ordinal0 [0x004EA923+1550627]
	Ordinal0 [0x0046A731+1025841]
	Ordinal0 [0x003EC715+509717]
	Ordinal0 [0x003761EC+25068]
	Ordinal0 [0x0037A794+42900]
	Ordinal0 [0x00375D6F+23919]
	Ordinal0 [0x0039A4B7+173239]
	Ordinal0 [0x0039A9CA+174538]
	Ordinal0 [0x0039A8ED+174317]
	Ordinal0 [0x00398CDB+167131]
	Ordinal0 [0x0038144A+70730]
	Ordinal0 [0x003824D0+74960]
	Ordinal0 [0x00382469+74857]
	Ordinal0 [0x004842F7+1131255]
	GetHandleVerifier [0x0058711D+523789]
	GetHandleVerifier [0x00586EB0+523168]
	GetHandleVerifier [0x0058E207+552695]
	GetHandleVerifier [0x0058791A+525834]
	Ordinal0 [0x0047B82C+1095724]
	Ordinal0 [0x0048636B+1139563]
	Ordinal0 [0x004864D3+1139923]
	Ordinal0 [0x00485455+1135701]
	BaseThreadInitThunk [0x75430419+25]
	RtlGetAppContainerNamedObjectPath [0x77D1662D+237]
	RtlGetAppContainerNamedObjectPath [0x77D165FD+189]
&#13;
	at sun.reflect.NativeConstructorAccessorImpl.newInstance0(Native Method)&#13;
	at sun.reflect.NativeConstructorAccessorImpl.newInstance(NativeConstructorAccessorImpl.java:62)&#13;
	at sun.reflect.DelegatingConstructorAccessorImpl.newInstance(DelegatingConstructorAccessorImpl.java:45)&#13;
	at java.lang.reflect.Constructor.newInstance(Constructor.java:423)&#13;
	at org.openqa.selenium.remote.W3CHandshakeResponse.lambda$errorHandler$0(W3CHandshakeResponse.java:62)&#13;
	at org.openqa.selenium.remote.HandshakeResponse.lambda$getResponseFunction$0(HandshakeResponse.java:30)&#13;
	at org.openqa.selenium.remote.ProtocolHandshake.lambda$createSession$1(ProtocolHandshake.java:127)&#13;
	at java.util.stream.ReferencePipeline$3$1.accept(ReferencePipeline.java:193)&#13;
	at java.util.Spliterators$ArraySpliterator.tryAdvance(Spliterators.java:958)&#13;
	at java.util.stream.ReferencePipeline.forEachWithCancel(ReferencePipeline.java:126)&#13;
	at java.util.stream.AbstractPipeline.copyIntoWithCancel(AbstractPipeline.java:499)&#13;
	at java.util.stream.AbstractPipeline.copyInto(AbstractPipeline.java:486)&#13;
	at java.util.stream.AbstractPipeline.wrapAndCopyInto(AbstractPipeline.java:472)&#13;
	at java.util.stream.FindOps$FindOp.evaluateSequential(FindOps.java:152)&#13;
	at java.util.stream.AbstractPipeline.evaluate(AbstractPipeline.java:234)&#13;
	at java.util.stream.ReferencePipeline.findFirst(ReferencePipeline.java:464)&#13;
	at org.openqa.selenium.remote.ProtocolHandshake.createSession(ProtocolHandshake.java:129)&#13;
	at org.openqa.selenium.remote.ProtocolHandshake.createSession(ProtocolHandshake.java:75)&#13;
	at org.openqa.selenium.remote.HttpCommandExecutor.execute(HttpCommandExecutor.java:139)&#13;
	at org.openqa.selenium.remote.service.DriverCommandExecutor.execute(DriverCommandExecutor.java:83)&#13;
	at org.openqa.selenium.remote.RemoteWebDriver.execute(RemoteWebDriver.java:576)&#13;
	at org.openqa.selenium.remote.RemoteWebDriver.startSession(RemoteWebDriver.java:210)&#13;
	at org.openqa.selenium.remote.RemoteWebDriver.&lt;init&gt;(RemoteWebDriver.java:130)&#13;
	at org.openqa.selenium.chromium.ChromiumDriver.&lt;init&gt;(ChromiumDriver.java:75)&#13;
	at org.openqa.selenium.chrome.ChromeDriver.&lt;init&gt;(ChromeDriver.java:163)&#13;
	at org.openqa.selenium.chrome.ChromeDriver.&lt;init&gt;(ChromeDriver.java:129)&#13;
	at ua.splinestudio.rentautobus.appmanager.ApplicationManager.init(ApplicationManager.java:56)&#13;
	at ua.splinestudio.rentautobus.tests.TestBase.setUp(TestBase.java:24)&#13;
	at sun.reflect.NativeMethodAccessorImpl.invoke0(Native Method)&#13;
	at sun.reflect.NativeMethodAccessorImpl.invoke(NativeMethodAccessorImpl.java:62)&#13;
	at sun.reflect.DelegatingMethodAccessorImpl.invoke(DelegatingMethodAccessorImpl.java:43)&#13;
	at java.lang.reflect.Method.invoke(Method.java:498)&#13;
	at org.testng.internal.MethodInvocationHelper.invokeMethod(MethodInvocationHelper.java:133)&#13;
	at org.testng.internal.MethodInvocationHelper.invokeMethodConsideringTimeout(MethodInvocationHelper.java:62)&#13;
	at org.testng.internal.ConfigInvoker.invokeConfigurationMethod(ConfigInvoker.java:340)&#13;
	at org.testng.internal.ConfigInvoker.invokeConfigurations(ConfigInvoker.java:294)&#13;
	at org.testng.SuiteRunner.privateRun(SuiteRunner.java:345)&#13;
	at org.testng.SuiteRunner.run(SuiteRunner.java:304)&#13;
	at org.testng.SuiteRunnerWorker.runSuite(SuiteRunnerWorker.java:53)&#13;
	at org.testng.SuiteRunnerWorker.run(SuiteRunnerWorker.java:96)&#13;
	at org.testng.TestNG.runSuitesSequentially(TestNG.java:1180)&#13;
	at org.testng.TestNG.runSuitesLocally(TestNG.java:1102)&#13;
	at org.testng.TestNG.runSuites(TestNG.java:1032)&#13;
	at org.testng.TestNG.run(TestNG.java:1000)&#13;
	at org.gradle.api.internal.tasks.testing.testng.TestNGTestClassProcessor.runTests(TestNGTestClassProcessor.java:141)&#13;
	at org.gradle.api.internal.tasks.testing.testng.TestNGTestClassProcessor.stop(TestNGTestClassProcessor.java:90)&#13;
	at org.gradle.api.internal.tasks.testing.SuiteTestClassProcessor.stop(SuiteTestClassProcessor.java:61)&#13;
	at sun.reflect.NativeMethodAccessorImpl.invoke0(Native Method)&#13;
	at sun.reflect.NativeMethodAccessorImpl.invoke(NativeMethodAccessorImpl.java:62)&#13;
	at sun.reflect.DelegatingMethodAccessorImpl.invoke(DelegatingMethodAccessorImpl.java:43)&#13;
	at java.lang.reflect.Method.invoke(Method.java:498)&#13;
	at org.gradle.internal.dispatch.ReflectionDispatch.dispatch(ReflectionDispatch.java:36)&#13;
	at org.gradle.internal.dispatch.ReflectionDispatch.dispatch(ReflectionDispatch.java:24)&#13;
	at org.gradle.internal.dispatch.ContextClassLoaderDispatch.dispatch(ContextClassLoaderDispatch.java:33)&#13;
	at org.gradle.internal.dispatch.ProxyDispatchAdapter$DispatchingInvocationHandler.invoke(ProxyDispatchAdapter.java:94)&#13;
	at com.sun.proxy.$Proxy2.stop(Unknown Source)&#13;
	at org.gradle.api.internal.tasks.testing.worker.TestWorker.stop(TestWorker.java:132)&#13;
	at sun.reflect.NativeMethodAccessorImpl.invoke0(Native Method)&#13;
	at sun.reflect.NativeMethodAccessorImpl.invoke(NativeMethodAccessorImpl.java:62)&#13;
	at sun.reflect.DelegatingMethodAccessorImpl.invoke(DelegatingMethodAccessorImpl.java:43)&#13;
	at java.lang.reflect.Method.invoke(Method.java:498)&#13;
	at org.gradle.internal.dispatch.ReflectionDispatch.dispatch(ReflectionDispatch.java:36)&#13;
	at org.gradle.internal.dispatch.ReflectionDispatch.dispatch(ReflectionDispatch.java:24)&#13;
	at org.gradle.internal.remote.internal.hub.MessageHubBackedObjectConnection$DispatchWrapper.dispatch(MessageHubBackedObjectConnection.java:182)&#13;
	at org.gradle.internal.remote.internal.hub.MessageHubBackedObjectConnection$DispatchWrapper.dispatch(MessageHubBackedObjectConnection.java:164)&#13;
	at org.gradle.internal.remote.internal.hub.MessageHub$Handler.run(MessageHub.java:412)&#13;
	at org.gradle.internal.concurrent.ExecutorPolicy$CatchAndRecordFailures.onExecute(ExecutorPolicy.java:64)&#13;
	at org.gradle.internal.concurrent.ManagedExecutorImpl$1.run(ManagedExecutorImpl.java:48)&#13;
	at java.util.concurrent.ThreadPoolExecutor.runWorker(ThreadPoolExecutor.java:1149)&#13;
	at java.util.concurrent.ThreadPoolExecutor$Worker.run(ThreadPoolExecutor.java:624)&#13;
	at org.gradle.internal.concurrent.ThreadFactoryImpl$ManagedThreadRunnable.run(ThreadFactoryImpl.java:56)&#13;
	at java.lang.Thread.run(Thread.java:748)&#13;
</stack-trace>
            </failure>
            <steps/>
            <attachments/>
            <labels>
                <label name="host" value="WIN-H3K2C979116"/>
                <label name="thread" value="3580@WIN-H3K2C979116.Test worker(11)"/>
            </labels>
        </test-case>
        <test-case start="1579256698122" stop="1579256698124" status="canceled">
            <name>logTestStart</name>
            <description>@BeforeMethod</description>
            <failure>
                <message>: Skipped due to dependency on other skipped or failed test methods</message>
                <stack-trace>ru.yandex.qatools.allure.testng.AllureTestListener$1: Skipped due to dependency on other skipped or failed test methods&#13;
	at ru.yandex.qatools.allure.testng.AllureTestListener.fireTestCaseCancel(AllureTestListener.java:425)&#13;
	at ru.yandex.qatools.allure.testng.AllureTestListener.onConfigurationSkip(AllureTestListener.java:120)&#13;
	at org.testng.internal.TestListenerHelper.runPostConfigurationListeners(TestListenerHelper.java:33)&#13;
	at org.testng.internal.ConfigInvoker.runConfigurationListeners(ConfigInvoker.java:377)&#13;
	at org.testng.internal.ConfigInvoker.handleConfigurationSkip(ConfigInvoker.java:394)&#13;
	at org.testng.internal.ConfigInvoker.invokeConfigurations(ConfigInvoker.java:260)&#13;
	at org.testng.internal.TestInvoker.runConfigMethods(TestInvoker.java:683)&#13;
	at org.testng.internal.TestInvoker.invokeMethod(TestInvoker.java:510)&#13;
	at org.testng.internal.TestInvoker.invokeTestMethod(TestInvoker.java:172)&#13;
	at org.testng.internal.MethodRunner.runInSequence(MethodRunner.java:46)&#13;
	at org.testng.internal.TestInvoker$MethodInvocationAgent.invoke(TestInvoker.java:804)&#13;
	at org.testng.internal.TestInvoker.invokeTestMethods(TestInvoker.java:145)&#13;
	at org.testng.internal.TestMethodWorker.invokeTestMethods(TestMethodWorker.java:146)&#13;
	at org.testng.internal.TestMethodWorker.run(TestMethodWorker.java:128)&#13;
	at java.util.ArrayList.forEach(ArrayList.java:1257)&#13;
	at org.testng.TestRunner.privateRun(TestRunner.java:770)&#13;
	at org.testng.TestRunner.run(TestRunner.java:591)&#13;
	at org.testng.SuiteRunner.runTest(SuiteRunner.java:402)&#13;
	at org.testng.SuiteRunner.runSequentially(SuiteRunner.java:396)&#13;
	at org.testng.SuiteRunner.privateRun(SuiteRunner.java:355)&#13;
	at org.testng.SuiteRunner.run(SuiteRunner.java:304)&#13;
	at org.testng.SuiteRunnerWorker.runSuite(SuiteRunnerWorker.java:53)&#13;
	at org.testng.SuiteRunnerWorker.run(SuiteRunnerWorker.java:96)&#13;
	at org.testng.TestNG.runSuitesSequentially(TestNG.java:1180)&#13;
	at org.testng.TestNG.runSuitesLocally(TestNG.java:1102)&#13;
	at org.testng.TestNG.runSuites(TestNG.java:1032)&#13;
	at org.testng.TestNG.run(TestNG.java:1000)&#13;
	at org.gradle.api.internal.tasks.testing.testng.TestNGTestClassProcessor.runTests(TestNGTestClassProcessor.java:141)&#13;
	at org.gradle.api.internal.tasks.testing.testng.TestNGTestClassProcessor.stop(TestNGTestClassProcessor.java:90)&#13;
	at org.gradle.api.internal.tasks.testing.SuiteTestClassProcessor.stop(SuiteTestClassProcessor.java:61)&#13;
	at sun.reflect.NativeMethodAccessorImpl.invoke0(Native Method)&#13;
	at sun.reflect.NativeMethodAccessorImpl.invoke(NativeMethodAccessorImpl.java:62)&#13;
	at sun.reflect.DelegatingMethodAccessorImpl.invoke(DelegatingMethodAccessorImpl.java:43)&#13;
	at java.lang.reflect.Method.invoke(Method.java:498)&#13;
	at org.gradle.internal.dispatch.ReflectionDispatch.dispatch(ReflectionDispatch.java:36)&#13;
	at org.gradle.internal.dispatch.ReflectionDispatch.dispatch(ReflectionDispatch.java:24)&#13;
	at org.gradle.internal.dispatch.ContextClassLoaderDispatch.dispatch(ContextClassLoaderDispatch.java:33)&#13;
	at org.gradle.internal.dispatch.ProxyDispatchAdapter$DispatchingInvocationHandler.invoke(ProxyDispatchAdapter.java:94)&#13;
	at com.sun.proxy.$Proxy2.stop(Unknown Source)&#13;
	at org.gradle.api.internal.tasks.testing.worker.TestWorker.stop(TestWorker.java:132)&#13;
	at sun.reflect.NativeMethodAccessorImpl.invoke0(Native Method)&#13;
	at sun.reflect.NativeMethodAccessorImpl.invoke(NativeMethodAccessorImpl.java:62)&#13;
	at sun.reflect.DelegatingMethodAccessorImpl.invoke(DelegatingMethodAccessorImpl.java:43)&#13;
	at java.lang.reflect.Method.invoke(Method.java:498)&#13;
	at org.gradle.internal.dispatch.ReflectionDispatch.dispatch(ReflectionDispatch.java:36)&#13;
	at org.gradle.internal.dispatch.ReflectionDispatch.dispatch(ReflectionDispatch.java:24)&#13;
	at org.gradle.internal.remote.internal.hub.MessageHubBackedObjectConnection$DispatchWrapper.dispatch(MessageHubBackedObjectConnection.java:182)&#13;
	at org.gradle.internal.remote.internal.hub.MessageHubBackedObjectConnection$DispatchWrapper.dispatch(MessageHubBackedObjectConnection.java:164)&#13;
	at org.gradle.internal.remote.internal.hub.MessageHub$Handler.run(MessageHub.java:412)&#13;
	at org.gradle.internal.concurrent.ExecutorPolicy$CatchAndRecordFailures.onExecute(ExecutorPolicy.java:64)&#13;
	at org.gradle.internal.concurrent.ManagedExecutorImpl$1.run(ManagedExecutorImpl.java:48)&#13;
	at java.util.concurrent.ThreadPoolExecutor.runWorker(ThreadPoolExecutor.java:1149)&#13;
	at java.util.concurrent.ThreadPoolExecutor$Worker.run(ThreadPoolExecutor.java:624)&#13;
	at org.gradle.internal.concurrent.ThreadFactoryImpl$ManagedThreadRunnable.run(ThreadFactoryImpl.java:56)&#13;
	at java.lang.Thread.run(Thread.java:748)&#13;
</stack-trace>
            </failure>
            <steps/>
            <attachments/>
            <labels>
                <label name="host" value="WIN-H3K2C979116"/>
                <label name="thread" value="3580@WIN-H3K2C979116.Test worker(11)"/>
            </labels>
        </test-case>
        <test-case start="1579256698261" stop="1579256698289" status="canceled">
            <name>testBusCompanyLoginIn</name>
            <description></description>
            <failure>
                <message>: Skipped due to dependency on other skipped or failed test methods</message>
                <stack-trace>ru.yandex.qatools.allure.testng.AllureTestListener$1: Skipped due to dependency on other skipped or failed test methods&#13;
	at ru.yandex.qatools.allure.testng.AllureTestListener.fireTestCaseCancel(AllureTestListener.java:425)&#13;
	at ru.yandex.qatools.allure.testng.AllureTestListener.onTestSkipped(AllureTestListener.java:186)&#13;
	at org.testng.internal.TestListenerHelper.runTestListeners(TestListenerHelper.java:57)&#13;
	at org.testng.internal.TestInvoker.runTestResultListener(TestInvoker.java:210)&#13;
	at org.testng.internal.TestInvoker.invokeListenersForSkippedTestResult(TestInvoker.java:432)&#13;
	at org.testng.internal.TestInvoker.invokeMethod(TestInvoker.java:529)&#13;
	at org.testng.internal.TestInvoker.invokeTestMethod(TestInvoker.java:172)&#13;
	at org.testng.internal.MethodRunner.runInSequence(MethodRunner.java:46)&#13;
	at org.testng.internal.TestInvoker$MethodInvocationAgent.invoke(TestInvoker.java:804)&#13;
	at org.testng.internal.TestInvoker.invokeTestMethods(TestInvoker.java:145)&#13;
	at org.testng.internal.TestMethodWorker.invokeTestMethods(TestMethodWorker.java:146)&#13;
	at org.testng.internal.TestMethodWorker.run(TestMethodWorker.java:128)&#13;
	at java.util.ArrayList.forEach(ArrayList.java:1257)&#13;
	at org.testng.TestRunner.privateRun(TestRunner.java:770)&#13;
	at org.testng.TestRunner.run(TestRunner.java:591)&#13;
	at org.testng.SuiteRunner.runTest(SuiteRunner.java:402)&#13;
	at org.testng.SuiteRunner.runSequentially(SuiteRunner.java:396)&#13;
	at org.testng.SuiteRunner.privateRun(SuiteRunner.java:355)&#13;
	at org.testng.SuiteRunner.run(SuiteRunner.java:304)&#13;
	at org.testng.SuiteRunnerWorker.runSuite(SuiteRunnerWorker.java:53)&#13;
	at org.testng.SuiteRunnerWorker.run(SuiteRunnerWorker.java:96)&#13;
	at org.testng.TestNG.runSuitesSequentially(TestNG.java:1180)&#13;
	at org.testng.TestNG.runSuitesLocally(TestNG.java:1102)&#13;
	at org.testng.TestNG.runSuites(TestNG.java:1032)&#13;
	at org.testng.TestNG.run(TestNG.java:1000)&#13;
	at org.gradle.api.internal.tasks.testing.testng.TestNGTestClassProcessor.runTests(TestNGTestClassProcessor.java:141)&#13;
	at org.gradle.api.internal.tasks.testing.testng.TestNGTestClassProcessor.stop(TestNGTestClassProcessor.java:90)&#13;
	at org.gradle.api.internal.tasks.testing.SuiteTestClassProcessor.stop(SuiteTestClassProcessor.java:61)&#13;
	at sun.reflect.NativeMethodAccessorImpl.invoke0(Native Method)&#13;
	at sun.reflect.NativeMethodAccessorImpl.invoke(NativeMethodAccessorImpl.java:62)&#13;
	at sun.reflect.DelegatingMethodAccessorImpl.invoke(DelegatingMethodAccessorImpl.java:43)&#13;
	at java.lang.reflect.Method.invoke(Method.java:498)&#13;
	at org.gradle.internal.dispatch.ReflectionDispatch.dispatch(ReflectionDispatch.java:36)&#13;
	at org.gradle.internal.dispatch.ReflectionDispatch.dispatch(ReflectionDispatch.java:24)&#13;
	at org.gradle.internal.dispatch.ContextClassLoaderDispatch.dispatch(ContextClassLoaderDispatch.java:33)&#13;
	at org.gradle.internal.dispatch.ProxyDispatchAdapter$DispatchingInvocationHandler.invoke(ProxyDispatchAdapter.java:94)&#13;
	at com.sun.proxy.$Proxy2.stop(Unknown Source)&#13;
	at org.gradle.api.internal.tasks.testing.worker.TestWorker.stop(TestWorker.java:132)&#13;
	at sun.reflect.NativeMethodAccessorImpl.invoke0(Native Method)&#13;
	at sun.reflect.NativeMethodAccessorImpl.invoke(NativeMethodAccessorImpl.java:62)&#13;
	at sun.reflect.DelegatingMethodAccessorImpl.invoke(DelegatingMethodAccessorImpl.java:43)&#13;
	at java.lang.reflect.Method.invoke(Method.java:498)&#13;
	at org.gradle.internal.dispatch.ReflectionDispatch.dispatch(ReflectionDispatch.java:36)&#13;
	at org.gradle.internal.dispatch.ReflectionDispatch.dispatch(ReflectionDispatch.java:24)&#13;
	at org.gradle.internal.remote.internal.hub.MessageHubBackedObjectConnection$DispatchWrapper.dispatch(MessageHubBackedObjectConnection.java:182)&#13;
	at org.gradle.internal.remote.internal.hub.MessageHubBackedObjectConnection$DispatchWrapper.dispatch(MessageHubBackedObjectConnection.java:164)&#13;
	at org.gradle.internal.remote.internal.hub.MessageHub$Handler.run(MessageHub.java:412)&#13;
	at org.gradle.internal.concurrent.ExecutorPolicy$CatchAndRecordFailures.onExecute(ExecutorPolicy.java:64)&#13;
	at org.gradle.internal.concurrent.ManagedExecutorImpl$1.run(ManagedExecutorImpl.java:48)&#13;
	at java.util.concurrent.ThreadPoolExecutor.runWorker(ThreadPoolExecutor.java:1149)&#13;
	at java.util.concurrent.ThreadPoolExecutor$Worker.run(ThreadPoolExecutor.java:624)&#13;
	at org.gradle.internal.concurrent.ThreadFactoryImpl$ManagedThreadRunnable.run(ThreadFactoryImpl.java:56)&#13;
	at java.lang.Thread.run(Thread.java:748)&#13;
</stack-trace>
            </failure>
            <steps/>
            <attachments/>
            <labels>
                <label name="testSuite" value="Suite1"/>
                <label name="testGroup" value="Traveler"/>
                <label name="testClass" value="ua.splinestudio.rentautobus.tests.LogInTest"/>
                <label name="testMethod" value="testBusCompanyLoginIn"/>
                <label name="host" value="WIN-H3K2C979116"/>
                <label name="thread" value="3580@WIN-H3K2C979116.Test worker(11)"/>
            </labels>
        </test-case>
        <test-case start="1579256698319" stop="1579256698327" status="canceled">
            <name>testTravelerOneWayTrip</name>
            <description></description>
            <failure>
                <message>: Skipped due to dependency on other skipped or failed test methods</message>
                <stack-trace>ru.yandex.qatools.allure.testng.AllureTestListener$1: Skipped due to dependency on other skipped or failed test methods&#13;
	at ru.yandex.qatools.allure.testng.AllureTestListener.fireTestCaseCancel(AllureTestListener.java:425)&#13;
	at ru.yandex.qatools.allure.testng.AllureTestListener.onTestSkipped(AllureTestListener.java:186)&#13;
	at org.testng.internal.TestListenerHelper.runTestListeners(TestListenerHelper.java:57)&#13;
	at org.testng.internal.TestInvoker.runTestResultListener(TestInvoker.java:210)&#13;
	at org.testng.internal.TestInvoker.invokeListenersForSkippedTestResult(TestInvoker.java:432)&#13;
	at org.testng.internal.TestInvoker.invokeMethod(TestInvoker.java:529)&#13;
	at org.testng.internal.TestInvoker.invokeTestMethod(TestInvoker.java:172)&#13;
	at org.testng.internal.MethodRunner.runInSequence(MethodRunner.java:46)&#13;
	at org.testng.internal.TestInvoker$MethodInvocationAgent.invoke(TestInvoker.java:804)&#13;
	at org.testng.internal.TestInvoker.invokeTestMethods(TestInvoker.java:145)&#13;
	at org.testng.internal.TestMethodWorker.invokeTestMethods(TestMethodWorker.java:146)&#13;
	at org.testng.internal.TestMethodWorker.run(TestMethodWorker.java:128)&#13;
	at java.util.ArrayList.forEach(ArrayList.java:1257)&#13;
	at org.testng.TestRunner.privateRun(TestRunner.java:770)&#13;
	at org.testng.TestRunner.run(TestRunner.java:591)&#13;
	at org.testng.SuiteRunner.runTest(SuiteRunner.java:402)&#13;
	at org.testng.SuiteRunner.runSequentially(SuiteRunner.java:396)&#13;
	at org.testng.SuiteRunner.privateRun(SuiteRunner.java:355)&#13;
	at org.testng.SuiteRunner.run(SuiteRunner.java:304)&#13;
	at org.testng.SuiteRunnerWorker.runSuite(SuiteRunnerWorker.java:53)&#13;
	at org.testng.SuiteRunnerWorker.run(SuiteRunnerWorker.java:96)&#13;
	at org.testng.TestNG.runSuitesSequentially(TestNG.java:1180)&#13;
	at org.testng.TestNG.runSuitesLocally(TestNG.java:1102)&#13;
	at org.testng.TestNG.runSuites(TestNG.java:1032)&#13;
	at org.testng.TestNG.run(TestNG.java:1000)&#13;
	at org.gradle.api.internal.tasks.testing.testng.TestNGTestClassProcessor.runTests(TestNGTestClassProcessor.java:141)&#13;
	at org.gradle.api.internal.tasks.testing.testng.TestNGTestClassProcessor.stop(TestNGTestClassProcessor.java:90)&#13;
	at org.gradle.api.internal.tasks.testing.SuiteTestClassProcessor.stop(SuiteTestClassProcessor.java:61)&#13;
	at sun.reflect.NativeMethodAccessorImpl.invoke0(Native Method)&#13;
	at sun.reflect.NativeMethodAccessorImpl.invoke(NativeMethodAccessorImpl.java:62)&#13;
	at sun.reflect.DelegatingMethodAccessorImpl.invoke(DelegatingMethodAccessorImpl.java:43)&#13;
	at java.lang.reflect.Method.invoke(Method.java:498)&#13;
	at org.gradle.internal.dispatch.ReflectionDispatch.dispatch(ReflectionDispatch.java:36)&#13;
	at org.gradle.internal.dispatch.ReflectionDispatch.dispatch(ReflectionDispatch.java:24)&#13;
	at org.gradle.internal.dispatch.ContextClassLoaderDispatch.dispatch(ContextClassLoaderDispatch.java:33)&#13;
	at org.gradle.internal.dispatch.ProxyDispatchAdapter$DispatchingInvocationHandler.invoke(ProxyDispatchAdapter.java:94)&#13;
	at com.sun.proxy.$Proxy2.stop(Unknown Source)&#13;
	at org.gradle.api.internal.tasks.testing.worker.TestWorker.stop(TestWorker.java:132)&#13;
	at sun.reflect.NativeMethodAccessorImpl.invoke0(Native Method)&#13;
	at sun.reflect.NativeMethodAccessorImpl.invoke(NativeMethodAccessorImpl.java:62)&#13;
	at sun.reflect.DelegatingMethodAccessorImpl.invoke(DelegatingMethodAccessorImpl.java:43)&#13;
	at java.lang.reflect.Method.invoke(Method.java:498)&#13;
	at org.gradle.internal.dispatch.ReflectionDispatch.dispatch(ReflectionDispatch.java:36)&#13;
	at org.gradle.internal.dispatch.ReflectionDispatch.dispatch(ReflectionDispatch.java:24)&#13;
	at org.gradle.internal.remote.internal.hub.MessageHubBackedObjectConnection$DispatchWrapper.dispatch(MessageHubBackedObjectConnection.java:182)&#13;
	at org.gradle.internal.remote.internal.hub.MessageHubBackedObjectConnection$DispatchWrapper.dispatch(MessageHubBackedObjectConnection.java:164)&#13;
	at org.gradle.internal.remote.internal.hub.MessageHub$Handler.run(MessageHub.java:412)&#13;
	at org.gradle.internal.concurrent.ExecutorPolicy$CatchAndRecordFailures.onExecute(ExecutorPolicy.java:64)&#13;
	at org.gradle.internal.concurrent.ManagedExecutorImpl$1.run(ManagedExecutorImpl.java:48)&#13;
	at java.util.concurrent.ThreadPoolExecutor.runWorker(ThreadPoolExecutor.java:1149)&#13;
	at java.util.concurrent.ThreadPoolExecutor$Worker.run(ThreadPoolExecutor.java:624)&#13;
	at org.gradle.internal.concurrent.ThreadFactoryImpl$ManagedThreadRunnable.run(ThreadFactoryImpl.java:56)&#13;
	at java.lang.Thread.run(Thread.java:748)&#13;
</stack-trace>
            </failure>
            <steps/>
            <attachments/>
            <labels>
                <label name="testSuite" value="Suite1"/>
                <label name="testGroup" value="Traveler"/>
                <label name="testClass" value="ua.splinestudio.rentautobus.tests.TravelerOneWayTripTest"/>
                <label name="testMethod" value="testTravelerOneWayTrip"/>
                <label name="host" value="WIN-H3K2C979116"/>
                <label name="thread" value="3580@WIN-H3K2C979116.Test worker(11)"/>
            </labels>
        </test-case>
    </test-cases>
    <labels>
        <label name="framework" value="TestNG"/>
        <label name="language" value="JAVA"/>
    </labels>
</ns2:test-suite>
