<?xml version="1.0" encoding="UTF-8" standalone="yes"?>
<ns2:test-suite start="1579264514500" stop="1579264514944" version="1.5.4" xmlns:ns2="urn:model.allure.qatools.yandex.ru">
    <name>Suite1 : Traveler</name>
    <title>Suite1 : Traveler</title>
    <test-cases>
        <test-case start="1579264514483" stop="1579264514495" status="broken">
            <name>setUp</name>
            <description>@BeforeSuite</description>
            <failure>
                <message>MalformedURLException: no protocol: </message>
                <stack-trace>java.net.MalformedURLException: no protocol: &#13;
	at java.net.URL.&lt;init&gt;(URL.java:610)&#13;
	at java.net.URL.&lt;init&gt;(URL.java:507)&#13;
	at java.net.URL.&lt;init&gt;(URL.java:456)&#13;
	at ua.splinestudio.rentautobus.appmanager.ApplicationManager.init(ApplicationManager.java:76)&#13;
	at ua.splinestudio.rentautobus.tests.TestBase.setUp(TestBase.java:25)&#13;
	at sun.reflect.NativeMethodAccessorImpl.invoke0(Native Method)&#13;
	at sun.reflect.NativeMethodAccessorImpl.invoke(NativeMethodAccessorImpl.java:62)&#13;
	at sun.reflect.DelegatingMethodAccessorImpl.invoke(DelegatingMethodAccessorImpl.java:43)&#13;
	at java.lang.reflect.Method.invoke(Method.java:498)&#13;
	at org.testng.internal.MethodInvocationHelper.invokeMethod(MethodInvocationHelper.java:133)&#13;
	at org.testng.internal.MethodInvocationHelper.invokeMethodConsideringTimeout(MethodInvocationHelper.java:62)&#13;
	at org.testng.internal.ConfigInvoker.invokeConfigurationMethod(ConfigInvoker.java:340)&#13;
	at org.testng.internal.ConfigInvoker.invokeConfigurations(ConfigInvoker.java:294)&#13;
	at org.testng.SuiteRunner.privateRun(SuiteRunner.java:345)&#13;
	at org.testng.SuiteRunner.run(SuiteRunner.java:304)&#13;
	at org.testng.SuiteRunnerWorker.runSuite(SuiteRunnerWorker.java:53)&#13;
	at org.testng.SuiteRunnerWorker.run(SuiteRunnerWorker.java:96)&#13;
	at org.testng.TestNG.runSuitesSequentially(TestNG.java:1180)&#13;
	at org.testng.TestNG.runSuitesLocally(TestNG.java:1102)&#13;
	at org.testng.TestNG.runSuites(TestNG.java:1032)&#13;
	at org.testng.TestNG.run(TestNG.java:1000)&#13;
	at org.gradle.api.internal.tasks.testing.testng.TestNGTestClassProcessor.runTests(TestNGTestClassProcessor.java:141)&#13;
	at org.gradle.api.internal.tasks.testing.testng.TestNGTestClassProcessor.stop(TestNGTestClassProcessor.java:90)&#13;
	at org.gradle.api.internal.tasks.testing.SuiteTestClassProcessor.stop(SuiteTestClassProcessor.java:61)&#13;
	at sun.reflect.NativeMethodAccessorImpl.invoke0(Native Method)&#13;
	at sun.reflect.NativeMethodAccessorImpl.invoke(NativeMethodAccessorImpl.java:62)&#13;
	at sun.reflect.DelegatingMethodAccessorImpl.invoke(DelegatingMethodAccessorImpl.java:43)&#13;
	at java.lang.reflect.Method.invoke(Method.java:498)&#13;
	at org.gradle.internal.dispatch.ReflectionDispatch.dispatch(ReflectionDispatch.java:36)&#13;
	at org.gradle.internal.dispatch.ReflectionDispatch.dispatch(ReflectionDispatch.java:24)&#13;
	at org.gradle.internal.dispatch.ContextClassLoaderDispatch.dispatch(ContextClassLoaderDispatch.java:33)&#13;
	at org.gradle.internal.dispatch.ProxyDispatchAdapter$DispatchingInvocationHandler.invoke(ProxyDispatchAdapter.java:94)&#13;
	at com.sun.proxy.$Proxy2.stop(Unknown Source)&#13;
	at org.gradle.api.internal.tasks.testing.worker.TestWorker.stop(TestWorker.java:132)&#13;
	at sun.reflect.NativeMethodAccessorImpl.invoke0(Native Method)&#13;
	at sun.reflect.NativeMethodAccessorImpl.invoke(NativeMethodAccessorImpl.java:62)&#13;
	at sun.reflect.DelegatingMethodAccessorImpl.invoke(DelegatingMethodAccessorImpl.java:43)&#13;
	at java.lang.reflect.Method.invoke(Method.java:498)&#13;
	at org.gradle.internal.dispatch.ReflectionDispatch.dispatch(ReflectionDispatch.java:36)&#13;
	at org.gradle.internal.dispatch.ReflectionDispatch.dispatch(ReflectionDispatch.java:24)&#13;
	at org.gradle.internal.remote.internal.hub.MessageHubBackedObjectConnection$DispatchWrapper.dispatch(MessageHubBackedObjectConnection.java:182)&#13;
	at org.gradle.internal.remote.internal.hub.MessageHubBackedObjectConnection$DispatchWrapper.dispatch(MessageHubBackedObjectConnection.java:164)&#13;
	at org.gradle.internal.remote.internal.hub.MessageHub$Handler.run(MessageHub.java:412)&#13;
	at org.gradle.internal.concurrent.ExecutorPolicy$CatchAndRecordFailures.onExecute(ExecutorPolicy.java:64)&#13;
	at org.gradle.internal.concurrent.ManagedExecutorImpl$1.run(ManagedExecutorImpl.java:48)&#13;
	at java.util.concurrent.ThreadPoolExecutor.runWorker(ThreadPoolExecutor.java:1149)&#13;
	at java.util.concurrent.ThreadPoolExecutor$Worker.run(ThreadPoolExecutor.java:624)&#13;
	at org.gradle.internal.concurrent.ThreadFactoryImpl$ManagedThreadRunnable.run(ThreadFactoryImpl.java:56)&#13;
	at java.lang.Thread.run(Thread.java:748)&#13;
</stack-trace>
            </failure>
            <steps/>
            <attachments/>
            <labels>
                <label name="host" value="WIN-H3K2C979116"/>
                <label name="thread" value="13736@WIN-H3K2C979116.Test worker(11)"/>
            </labels>
        </test-case>
        <test-case start="1579264514729" stop="1579264514730" status="canceled">
            <name>logTestStart</name>
            <description>@BeforeMethod</description>
            <failure>
                <message>: Skipped due to dependency on other skipped or failed test methods</message>
                <stack-trace>ru.yandex.qatools.allure.testng.AllureTestListener$1: Skipped due to dependency on other skipped or failed test methods&#13;
	at ru.yandex.qatools.allure.testng.AllureTestListener.fireTestCaseCancel(AllureTestListener.java:425)&#13;
	at ru.yandex.qatools.allure.testng.AllureTestListener.onConfigurationSkip(AllureTestListener.java:120)&#13;
	at org.testng.internal.TestListenerHelper.runPostConfigurationListeners(TestListenerHelper.java:33)&#13;
	at org.testng.internal.ConfigInvoker.runConfigurationListeners(ConfigInvoker.java:377)&#13;
	at org.testng.internal.ConfigInvoker.handleConfigurationSkip(ConfigInvoker.java:394)&#13;
	at org.testng.internal.ConfigInvoker.invokeConfigurations(ConfigInvoker.java:260)&#13;
	at org.testng.internal.TestInvoker.runConfigMethods(TestInvoker.java:683)&#13;
	at org.testng.internal.TestInvoker.invokeMethod(TestInvoker.java:510)&#13;
	at org.testng.internal.TestInvoker.invokeTestMethod(TestInvoker.java:172)&#13;
	at org.testng.internal.MethodRunner.runInSequence(MethodRunner.java:46)&#13;
	at org.testng.internal.TestInvoker$MethodInvocationAgent.invoke(TestInvoker.java:804)&#13;
	at org.testng.internal.TestInvoker.invokeTestMethods(TestInvoker.java:145)&#13;
	at org.testng.internal.TestMethodWorker.invokeTestMethods(TestMethodWorker.java:146)&#13;
	at org.testng.internal.TestMethodWorker.run(TestMethodWorker.java:128)&#13;
	at java.util.ArrayList.forEach(ArrayList.java:1257)&#13;
	at org.testng.TestRunner.privateRun(TestRunner.java:770)&#13;
	at org.testng.TestRunner.run(TestRunner.java:591)&#13;
	at org.testng.SuiteRunner.runTest(SuiteRunner.java:402)&#13;
	at org.testng.SuiteRunner.runSequentially(SuiteRunner.java:396)&#13;
	at org.testng.SuiteRunner.privateRun(SuiteRunner.java:355)&#13;
	at org.testng.SuiteRunner.run(SuiteRunner.java:304)&#13;
	at org.testng.SuiteRunnerWorker.runSuite(SuiteRunnerWorker.java:53)&#13;
	at org.testng.SuiteRunnerWorker.run(SuiteRunnerWorker.java:96)&#13;
	at org.testng.TestNG.runSuitesSequentially(TestNG.java:1180)&#13;
	at org.testng.TestNG.runSuitesLocally(TestNG.java:1102)&#13;
	at org.testng.TestNG.runSuites(TestNG.java:1032)&#13;
	at org.testng.TestNG.run(TestNG.java:1000)&#13;
	at org.gradle.api.internal.tasks.testing.testng.TestNGTestClassProcessor.runTests(TestNGTestClassProcessor.java:141)&#13;
	at org.gradle.api.internal.tasks.testing.testng.TestNGTestClassProcessor.stop(TestNGTestClassProcessor.java:90)&#13;
	at org.gradle.api.internal.tasks.testing.SuiteTestClassProcessor.stop(SuiteTestClassProcessor.java:61)&#13;
	at sun.reflect.NativeMethodAccessorImpl.invoke0(Native Method)&#13;
	at sun.reflect.NativeMethodAccessorImpl.invoke(NativeMethodAccessorImpl.java:62)&#13;
	at sun.reflect.DelegatingMethodAccessorImpl.invoke(DelegatingMethodAccessorImpl.java:43)&#13;
	at java.lang.reflect.Method.invoke(Method.java:498)&#13;
	at org.gradle.internal.dispatch.ReflectionDispatch.dispatch(ReflectionDispatch.java:36)&#13;
	at org.gradle.internal.dispatch.ReflectionDispatch.dispatch(ReflectionDispatch.java:24)&#13;
	at org.gradle.internal.dispatch.ContextClassLoaderDispatch.dispatch(ContextClassLoaderDispatch.java:33)&#13;
	at org.gradle.internal.dispatch.ProxyDispatchAdapter$DispatchingInvocationHandler.invoke(ProxyDispatchAdapter.java:94)&#13;
	at com.sun.proxy.$Proxy2.stop(Unknown Source)&#13;
	at org.gradle.api.internal.tasks.testing.worker.TestWorker.stop(TestWorker.java:132)&#13;
	at sun.reflect.NativeMethodAccessorImpl.invoke0(Native Method)&#13;
	at sun.reflect.NativeMethodAccessorImpl.invoke(NativeMethodAccessorImpl.java:62)&#13;
	at sun.reflect.DelegatingMethodAccessorImpl.invoke(DelegatingMethodAccessorImpl.java:43)&#13;
	at java.lang.reflect.Method.invoke(Method.java:498)&#13;
	at org.gradle.internal.dispatch.ReflectionDispatch.dispatch(ReflectionDispatch.java:36)&#13;
	at org.gradle.internal.dispatch.ReflectionDispatch.dispatch(ReflectionDispatch.java:24)&#13;
	at org.gradle.internal.remote.internal.hub.MessageHubBackedObjectConnection$DispatchWrapper.dispatch(MessageHubBackedObjectConnection.java:182)&#13;
	at org.gradle.internal.remote.internal.hub.MessageHubBackedObjectConnection$DispatchWrapper.dispatch(MessageHubBackedObjectConnection.java:164)&#13;
	at org.gradle.internal.remote.internal.hub.MessageHub$Handler.run(MessageHub.java:412)&#13;
	at org.gradle.internal.concurrent.ExecutorPolicy$CatchAndRecordFailures.onExecute(ExecutorPolicy.java:64)&#13;
	at org.gradle.internal.concurrent.ManagedExecutorImpl$1.run(ManagedExecutorImpl.java:48)&#13;
	at java.util.concurrent.ThreadPoolExecutor.runWorker(ThreadPoolExecutor.java:1149)&#13;
	at java.util.concurrent.ThreadPoolExecutor$Worker.run(ThreadPoolExecutor.java:624)&#13;
	at org.gradle.internal.concurrent.ThreadFactoryImpl$ManagedThreadRunnable.run(ThreadFactoryImpl.java:56)&#13;
	at java.lang.Thread.run(Thread.java:748)&#13;
</stack-trace>
            </failure>
            <steps/>
            <attachments/>
            <labels>
                <label name="host" value="WIN-H3K2C979116"/>
                <label name="thread" value="13736@WIN-H3K2C979116.Test worker(11)"/>
            </labels>
        </test-case>
        <test-case start="1579264514867" stop="1579264514890" status="canceled">
            <name>testBusCompanyLoginIn</name>
            <description></description>
            <failure>
                <message>: Skipped due to dependency on other skipped or failed test methods</message>
                <stack-trace>ru.yandex.qatools.allure.testng.AllureTestListener$1: Skipped due to dependency on other skipped or failed test methods&#13;
	at ru.yandex.qatools.allure.testng.AllureTestListener.fireTestCaseCancel(AllureTestListener.java:425)&#13;
	at ru.yandex.qatools.allure.testng.AllureTestListener.onTestSkipped(AllureTestListener.java:186)&#13;
	at org.testng.internal.TestListenerHelper.runTestListeners(TestListenerHelper.java:57)&#13;
	at org.testng.internal.TestInvoker.runTestResultListener(TestInvoker.java:210)&#13;
	at org.testng.internal.TestInvoker.invokeListenersForSkippedTestResult(TestInvoker.java:432)&#13;
	at org.testng.internal.TestInvoker.invokeMethod(TestInvoker.java:529)&#13;
	at org.testng.internal.TestInvoker.invokeTestMethod(TestInvoker.java:172)&#13;
	at org.testng.internal.MethodRunner.runInSequence(MethodRunner.java:46)&#13;
	at org.testng.internal.TestInvoker$MethodInvocationAgent.invoke(TestInvoker.java:804)&#13;
	at org.testng.internal.TestInvoker.invokeTestMethods(TestInvoker.java:145)&#13;
	at org.testng.internal.TestMethodWorker.invokeTestMethods(TestMethodWorker.java:146)&#13;
	at org.testng.internal.TestMethodWorker.run(TestMethodWorker.java:128)&#13;
	at java.util.ArrayList.forEach(ArrayList.java:1257)&#13;
	at org.testng.TestRunner.privateRun(TestRunner.java:770)&#13;
	at org.testng.TestRunner.run(TestRunner.java:591)&#13;
	at org.testng.SuiteRunner.runTest(SuiteRunner.java:402)&#13;
	at org.testng.SuiteRunner.runSequentially(SuiteRunner.java:396)&#13;
	at org.testng.SuiteRunner.privateRun(SuiteRunner.java:355)&#13;
	at org.testng.SuiteRunner.run(SuiteRunner.java:304)&#13;
	at org.testng.SuiteRunnerWorker.runSuite(SuiteRunnerWorker.java:53)&#13;
	at org.testng.SuiteRunnerWorker.run(SuiteRunnerWorker.java:96)&#13;
	at org.testng.TestNG.runSuitesSequentially(TestNG.java:1180)&#13;
	at org.testng.TestNG.runSuitesLocally(TestNG.java:1102)&#13;
	at org.testng.TestNG.runSuites(TestNG.java:1032)&#13;
	at org.testng.TestNG.run(TestNG.java:1000)&#13;
	at org.gradle.api.internal.tasks.testing.testng.TestNGTestClassProcessor.runTests(TestNGTestClassProcessor.java:141)&#13;
	at org.gradle.api.internal.tasks.testing.testng.TestNGTestClassProcessor.stop(TestNGTestClassProcessor.java:90)&#13;
	at org.gradle.api.internal.tasks.testing.SuiteTestClassProcessor.stop(SuiteTestClassProcessor.java:61)&#13;
	at sun.reflect.NativeMethodAccessorImpl.invoke0(Native Method)&#13;
	at sun.reflect.NativeMethodAccessorImpl.invoke(NativeMethodAccessorImpl.java:62)&#13;
	at sun.reflect.DelegatingMethodAccessorImpl.invoke(DelegatingMethodAccessorImpl.java:43)&#13;
	at java.lang.reflect.Method.invoke(Method.java:498)&#13;
	at org.gradle.internal.dispatch.ReflectionDispatch.dispatch(ReflectionDispatch.java:36)&#13;
	at org.gradle.internal.dispatch.ReflectionDispatch.dispatch(ReflectionDispatch.java:24)&#13;
	at org.gradle.internal.dispatch.ContextClassLoaderDispatch.dispatch(ContextClassLoaderDispatch.java:33)&#13;
	at org.gradle.internal.dispatch.ProxyDispatchAdapter$DispatchingInvocationHandler.invoke(ProxyDispatchAdapter.java:94)&#13;
	at com.sun.proxy.$Proxy2.stop(Unknown Source)&#13;
	at org.gradle.api.internal.tasks.testing.worker.TestWorker.stop(TestWorker.java:132)&#13;
	at sun.reflect.NativeMethodAccessorImpl.invoke0(Native Method)&#13;
	at sun.reflect.NativeMethodAccessorImpl.invoke(NativeMethodAccessorImpl.java:62)&#13;
	at sun.reflect.DelegatingMethodAccessorImpl.invoke(DelegatingMethodAccessorImpl.java:43)&#13;
	at java.lang.reflect.Method.invoke(Method.java:498)&#13;
	at org.gradle.internal.dispatch.ReflectionDispatch.dispatch(ReflectionDispatch.java:36)&#13;
	at org.gradle.internal.dispatch.ReflectionDispatch.dispatch(ReflectionDispatch.java:24)&#13;
	at org.gradle.internal.remote.internal.hub.MessageHubBackedObjectConnection$DispatchWrapper.dispatch(MessageHubBackedObjectConnection.java:182)&#13;
	at org.gradle.internal.remote.internal.hub.MessageHubBackedObjectConnection$DispatchWrapper.dispatch(MessageHubBackedObjectConnection.java:164)&#13;
	at org.gradle.internal.remote.internal.hub.MessageHub$Handler.run(MessageHub.java:412)&#13;
	at org.gradle.internal.concurrent.ExecutorPolicy$CatchAndRecordFailures.onExecute(ExecutorPolicy.java:64)&#13;
	at org.gradle.internal.concurrent.ManagedExecutorImpl$1.run(ManagedExecutorImpl.java:48)&#13;
	at java.util.concurrent.ThreadPoolExecutor.runWorker(ThreadPoolExecutor.java:1149)&#13;
	at java.util.concurrent.ThreadPoolExecutor$Worker.run(ThreadPoolExecutor.java:624)&#13;
	at org.gradle.internal.concurrent.ThreadFactoryImpl$ManagedThreadRunnable.run(ThreadFactoryImpl.java:56)&#13;
	at java.lang.Thread.run(Thread.java:748)&#13;
</stack-trace>
            </failure>
            <steps/>
            <attachments/>
            <labels>
                <label name="testSuite" value="Suite1"/>
                <label name="testGroup" value="Traveler"/>
                <label name="testClass" value="ua.splinestudio.rentautobus.tests.LogInTest"/>
                <label name="testMethod" value="testBusCompanyLoginIn"/>
                <label name="host" value="WIN-H3K2C979116"/>
                <label name="thread" value="13736@WIN-H3K2C979116.Test worker(11)"/>
            </labels>
        </test-case>
        <test-case start="1579264514924" stop="1579264514929" status="canceled">
            <name>testTravelerOneWayTrip</name>
            <description></description>
            <failure>
                <message>: Skipped due to dependency on other skipped or failed test methods</message>
                <stack-trace>ru.yandex.qatools.allure.testng.AllureTestListener$1: Skipped due to dependency on other skipped or failed test methods&#13;
	at ru.yandex.qatools.allure.testng.AllureTestListener.fireTestCaseCancel(AllureTestListener.java:425)&#13;
	at ru.yandex.qatools.allure.testng.AllureTestListener.onTestSkipped(AllureTestListener.java:186)&#13;
	at org.testng.internal.TestListenerHelper.runTestListeners(TestListenerHelper.java:57)&#13;
	at org.testng.internal.TestInvoker.runTestResultListener(TestInvoker.java:210)&#13;
	at org.testng.internal.TestInvoker.invokeListenersForSkippedTestResult(TestInvoker.java:432)&#13;
	at org.testng.internal.TestInvoker.invokeMethod(TestInvoker.java:529)&#13;
	at org.testng.internal.TestInvoker.invokeTestMethod(TestInvoker.java:172)&#13;
	at org.testng.internal.MethodRunner.runInSequence(MethodRunner.java:46)&#13;
	at org.testng.internal.TestInvoker$MethodInvocationAgent.invoke(TestInvoker.java:804)&#13;
	at org.testng.internal.TestInvoker.invokeTestMethods(TestInvoker.java:145)&#13;
	at org.testng.internal.TestMethodWorker.invokeTestMethods(TestMethodWorker.java:146)&#13;
	at org.testng.internal.TestMethodWorker.run(TestMethodWorker.java:128)&#13;
	at java.util.ArrayList.forEach(ArrayList.java:1257)&#13;
	at org.testng.TestRunner.privateRun(TestRunner.java:770)&#13;
	at org.testng.TestRunner.run(TestRunner.java:591)&#13;
	at org.testng.SuiteRunner.runTest(SuiteRunner.java:402)&#13;
	at org.testng.SuiteRunner.runSequentially(SuiteRunner.java:396)&#13;
	at org.testng.SuiteRunner.privateRun(SuiteRunner.java:355)&#13;
	at org.testng.SuiteRunner.run(SuiteRunner.java:304)&#13;
	at org.testng.SuiteRunnerWorker.runSuite(SuiteRunnerWorker.java:53)&#13;
	at org.testng.SuiteRunnerWorker.run(SuiteRunnerWorker.java:96)&#13;
	at org.testng.TestNG.runSuitesSequentially(TestNG.java:1180)&#13;
	at org.testng.TestNG.runSuitesLocally(TestNG.java:1102)&#13;
	at org.testng.TestNG.runSuites(TestNG.java:1032)&#13;
	at org.testng.TestNG.run(TestNG.java:1000)&#13;
	at org.gradle.api.internal.tasks.testing.testng.TestNGTestClassProcessor.runTests(TestNGTestClassProcessor.java:141)&#13;
	at org.gradle.api.internal.tasks.testing.testng.TestNGTestClassProcessor.stop(TestNGTestClassProcessor.java:90)&#13;
	at org.gradle.api.internal.tasks.testing.SuiteTestClassProcessor.stop(SuiteTestClassProcessor.java:61)&#13;
	at sun.reflect.NativeMethodAccessorImpl.invoke0(Native Method)&#13;
	at sun.reflect.NativeMethodAccessorImpl.invoke(NativeMethodAccessorImpl.java:62)&#13;
	at sun.reflect.DelegatingMethodAccessorImpl.invoke(DelegatingMethodAccessorImpl.java:43)&#13;
	at java.lang.reflect.Method.invoke(Method.java:498)&#13;
	at org.gradle.internal.dispatch.ReflectionDispatch.dispatch(ReflectionDispatch.java:36)&#13;
	at org.gradle.internal.dispatch.ReflectionDispatch.dispatch(ReflectionDispatch.java:24)&#13;
	at org.gradle.internal.dispatch.ContextClassLoaderDispatch.dispatch(ContextClassLoaderDispatch.java:33)&#13;
	at org.gradle.internal.dispatch.ProxyDispatchAdapter$DispatchingInvocationHandler.invoke(ProxyDispatchAdapter.java:94)&#13;
	at com.sun.proxy.$Proxy2.stop(Unknown Source)&#13;
	at org.gradle.api.internal.tasks.testing.worker.TestWorker.stop(TestWorker.java:132)&#13;
	at sun.reflect.NativeMethodAccessorImpl.invoke0(Native Method)&#13;
	at sun.reflect.NativeMethodAccessorImpl.invoke(NativeMethodAccessorImpl.java:62)&#13;
	at sun.reflect.DelegatingMethodAccessorImpl.invoke(DelegatingMethodAccessorImpl.java:43)&#13;
	at java.lang.reflect.Method.invoke(Method.java:498)&#13;
	at org.gradle.internal.dispatch.ReflectionDispatch.dispatch(ReflectionDispatch.java:36)&#13;
	at org.gradle.internal.dispatch.ReflectionDispatch.dispatch(ReflectionDispatch.java:24)&#13;
	at org.gradle.internal.remote.internal.hub.MessageHubBackedObjectConnection$DispatchWrapper.dispatch(MessageHubBackedObjectConnection.java:182)&#13;
	at org.gradle.internal.remote.internal.hub.MessageHubBackedObjectConnection$DispatchWrapper.dispatch(MessageHubBackedObjectConnection.java:164)&#13;
	at org.gradle.internal.remote.internal.hub.MessageHub$Handler.run(MessageHub.java:412)&#13;
	at org.gradle.internal.concurrent.ExecutorPolicy$CatchAndRecordFailures.onExecute(ExecutorPolicy.java:64)&#13;
	at org.gradle.internal.concurrent.ManagedExecutorImpl$1.run(ManagedExecutorImpl.java:48)&#13;
	at java.util.concurrent.ThreadPoolExecutor.runWorker(ThreadPoolExecutor.java:1149)&#13;
	at java.util.concurrent.ThreadPoolExecutor$Worker.run(ThreadPoolExecutor.java:624)&#13;
	at org.gradle.internal.concurrent.ThreadFactoryImpl$ManagedThreadRunnable.run(ThreadFactoryImpl.java:56)&#13;
	at java.lang.Thread.run(Thread.java:748)&#13;
</stack-trace>
            </failure>
            <steps/>
            <attachments/>
            <labels>
                <label name="testSuite" value="Suite1"/>
                <label name="testGroup" value="Traveler"/>
                <label name="testClass" value="ua.splinestudio.rentautobus.tests.TravelerOneWayTripTest"/>
                <label name="testMethod" value="testTravelerOneWayTrip"/>
                <label name="host" value="WIN-H3K2C979116"/>
                <label name="thread" value="13736@WIN-H3K2C979116.Test worker(11)"/>
            </labels>
        </test-case>
    </test-cases>
    <labels>
        <label name="framework" value="TestNG"/>
        <label name="language" value="JAVA"/>
    </labels>
</ns2:test-suite>
