{"uuid":"67ea146b-06a4-4533-99f6-704d6d47e85d","historyId":"4c16d55d4a9d58bc3daecc1560d552be","fullName":"ua.splinestudio.rentautobus.tests.LogInTest.testBusCompanyLoginIn","labels":[{"name":"package","value":"ua.splinestudio.rentautobus.tests.LogInTest"},{"name":"testClass","value":"ua.splinestudio.rentautobus.tests.LogInTest"},{"name":"testMethod","value":"testBusCompanyLoginIn"},{"name":"parentSuite","value":"Suite1"},{"name":"suite","value":"Traveler"},{"name":"subSuite","value":"ua.splinestudio.rentautobus.tests.LogInTest"},{"name":"host","value":"WIN-H3K2C979116"},{"name":"thread","value":"11716@WIN-H3K2C979116.Test worker(11)"}],"links":[],"name":"testBusCompanyLoginIn","status":"skipped","statusDetails":{"known":false,"muted":false,"flaky":false,"message":"Unable to create session from {\n  \"desiredCapabilities\": {\n    \"browserName\": \"chrome\",\n    \"pageLoadStrategy\": \"caps\",\n    \"platform\": \"VISTA\"\n  },\n  \"capabilities\": {\n    \"firstMatch\": [\n      {\n        \"browserName\": \"chrome\",\n        \"pageLoadStrategy\": \"caps\",\n        \"platformName\": \"vista\"\n      }\n    ]\n  }\n}\nBuild info: version: '3.141.59', revision: 'e82be7d358', time: '2018-11-14T08:25:53'\nSystem info: host: 'a94bd22084e9', ip: '172.17.0.9', os.name: 'Linux', os.arch: 'amd64', os.version: '4.19.0-6-amd64', java.version: '1.8.0_232'\nDriver info: driver.version: unknown\nBuild info: version: '4.0.0-alpha-3', revision: '8c567de6dc'\nSystem info: host: 'WIN-H3K2C979116', ip: '192.168.31.20', os.name: 'Windows 10', os.arch: 'amd64', os.version: '10.0', java.version: '1.8.0_231'\nDriver info: driver.version: RemoteWebDriver\nremote stacktrace: org.openqa.selenium.SessionNotCreatedException: Unable to create session from {\n  \"desiredCapabilities\": {\n    \"browserName\": \"chrome\",\n    \"pageLoadStrategy\": \"caps\",\n    \"platform\": \"VISTA\"\n  },\n  \"capabilities\": {\n    \"firstMatch\": [\n      {\n        \"browserName\": \"chrome\",\n        \"pageLoadStrategy\": \"caps\",\n        \"platformName\": \"vista\"\n      }\n    ]\n  }\n}\nBuild info: version: '3.141.59', revision: 'e82be7d358', time: '2018-11-14T08:25:53'\nSystem info: host: 'a94bd22084e9', ip: '172.17.0.9', os.name: 'Linux', os.arch: 'amd64', os.version: '4.19.0-6-amd64', java.version: '1.8.0_232'\nDriver info: driver.version: unknown\n\tat org.openqa.selenium.remote.server.NewSessionPipeline.lambda$null$4(NewSessionPipeline.java:76)\n\tat java.util.Optional.orElseThrow(Optional.java:290)\n\tat org.openqa.selenium.remote.server.NewSessionPipeline.lambda$createNewSession$5(NewSessionPipeline.java:75)\n\tat java.util.Optional.orElseGet(Optional.java:267)\n\tat org.openqa.selenium.remote.server.NewSessionPipeline.createNewSession(NewSessionPipeline.java:73)\n\tat org.openqa.selenium.remote.server.commandhandler.BeginSession.execute(BeginSession.java:65)\n\tat org.openqa.selenium.remote.server.WebDriverServlet.lambda$handle$0(WebDriverServlet.java:235)\n\tat java.util.concurrent.Executors$RunnableAdapter.call(Executors.java:511)\n\tat java.util.concurrent.FutureTask.run(FutureTask.java:266)\n\tat java.util.concurrent.ThreadPoolExecutor.runWorker(ThreadPoolExecutor.java:1149)\n\tat java.util.concurrent.ThreadPoolExecutor$Worker.run(ThreadPoolExecutor.java:624)\n\tat java.lang.Thread.run(Thread.java:748)\n","trace":"org.openqa.selenium.SessionNotCreatedException: Unable to create session from {\n  \"desiredCapabilities\": {\n    \"browserName\": \"chrome\",\n    \"pageLoadStrategy\": \"caps\",\n    \"platform\": \"VISTA\"\n  },\n  \"capabilities\": {\n    \"firstMatch\": [\n      {\n        \"browserName\": \"chrome\",\n        \"pageLoadStrategy\": \"caps\",\n        \"platformName\": \"vista\"\n      }\n    ]\n  }\n}\nBuild info: version: '3.141.59', revision: 'e82be7d358', time: '2018-11-14T08:25:53'\nSystem info: host: 'a94bd22084e9', ip: '172.17.0.9', os.name: 'Linux', os.arch: 'amd64', os.version: '4.19.0-6-amd64', java.version: '1.8.0_232'\nDriver info: driver.version: unknown\nBuild info: version: '4.0.0-alpha-3', revision: '8c567de6dc'\nSystem info: host: 'WIN-H3K2C979116', ip: '192.168.31.20', os.name: 'Windows 10', os.arch: 'amd64', os.version: '10.0', java.version: '1.8.0_231'\nDriver info: driver.version: RemoteWebDriver\nremote stacktrace: org.openqa.selenium.SessionNotCreatedException: Unable to create session from {\n  \"desiredCapabilities\": {\n    \"browserName\": \"chrome\",\n    \"pageLoadStrategy\": \"caps\",\n    \"platform\": \"VISTA\"\n  },\n  \"capabilities\": {\n    \"firstMatch\": [\n      {\n        \"browserName\": \"chrome\",\n        \"pageLoadStrategy\": \"caps\",\n        \"platformName\": \"vista\"\n      }\n    ]\n  }\n}\nBuild info: version: '3.141.59', revision: 'e82be7d358', time: '2018-11-14T08:25:53'\nSystem info: host: 'a94bd22084e9', ip: '172.17.0.9', os.name: 'Linux', os.arch: 'amd64', os.version: '4.19.0-6-amd64', java.version: '1.8.0_232'\nDriver info: driver.version: unknown\n\tat org.openqa.selenium.remote.server.NewSessionPipeline.lambda$null$4(NewSessionPipeline.java:76)\n\tat java.util.Optional.orElseThrow(Optional.java:290)\n\tat org.openqa.selenium.remote.server.NewSessionPipeline.lambda$createNewSession$5(NewSessionPipeline.java:75)\n\tat java.util.Optional.orElseGet(Optional.java:267)\n\tat org.openqa.selenium.remote.server.NewSessionPipeline.createNewSession(NewSessionPipeline.java:73)\n\tat org.openqa.selenium.remote.server.commandhandler.BeginSession.execute(BeginSession.java:65)\n\tat org.openqa.selenium.remote.server.WebDriverServlet.lambda$handle$0(WebDriverServlet.java:235)\n\tat java.util.concurrent.Executors$RunnableAdapter.call(Executors.java:511)\n\tat java.util.concurrent.FutureTask.run(FutureTask.java:266)\n\tat java.util.concurrent.ThreadPoolExecutor.runWorker(ThreadPoolExecutor.java:1149)\n\tat java.util.concurrent.ThreadPoolExecutor$Worker.run(ThreadPoolExecutor.java:624)\n\tat java.lang.Thread.run(Thread.java:748)\n\r\n\tat sun.reflect.NativeConstructorAccessorImpl.newInstance0(Native Method)\r\n\tat sun.reflect.NativeConstructorAccessorImpl.newInstance(NativeConstructorAccessorImpl.java:62)\r\n\tat sun.reflect.DelegatingConstructorAccessorImpl.newInstance(DelegatingConstructorAccessorImpl.java:45)\r\n\tat java.lang.reflect.Constructor.newInstance(Constructor.java:423)\r\n\tat org.openqa.selenium.remote.W3CHandshakeResponse.lambda$errorHandler$0(W3CHandshakeResponse.java:62)\r\n\tat org.openqa.selenium.remote.HandshakeResponse.lambda$getResponseFunction$0(HandshakeResponse.java:30)\r\n\tat org.openqa.selenium.remote.ProtocolHandshake.lambda$createSession$1(ProtocolHandshake.java:127)\r\n\tat java.util.stream.ReferencePipeline$3$1.accept(ReferencePipeline.java:193)\r\n\tat java.util.Spliterators$ArraySpliterator.tryAdvance(Spliterators.java:958)\r\n\tat java.util.stream.ReferencePipeline.forEachWithCancel(ReferencePipeline.java:126)\r\n\tat java.util.stream.AbstractPipeline.copyIntoWithCancel(AbstractPipeline.java:499)\r\n\tat java.util.stream.AbstractPipeline.copyInto(AbstractPipeline.java:486)\r\n\tat java.util.stream.AbstractPipeline.wrapAndCopyInto(AbstractPipeline.java:472)\r\n\tat java.util.stream.FindOps$FindOp.evaluateSequential(FindOps.java:152)\r\n\tat java.util.stream.AbstractPipeline.evaluate(AbstractPipeline.java:234)\r\n\tat java.util.stream.ReferencePipeline.findFirst(ReferencePipeline.java:464)\r\n\tat org.openqa.selenium.remote.ProtocolHandshake.createSession(ProtocolHandshake.java:129)\r\n\tat org.openqa.selenium.remote.ProtocolHandshake.createSession(ProtocolHandshake.java:75)\r\n\tat org.openqa.selenium.remote.HttpCommandExecutor.execute(HttpCommandExecutor.java:139)\r\n\tat org.openqa.selenium.remote.RemoteWebDriver.execute(RemoteWebDriver.java:576)\r\n\tat org.openqa.selenium.remote.RemoteWebDriver.startSession(RemoteWebDriver.java:210)\r\n\tat org.openqa.selenium.remote.RemoteWebDriver.<init>(RemoteWebDriver.java:130)\r\n\tat org.openqa.selenium.remote.RemoteWebDriver.<init>(RemoteWebDriver.java:143)\r\n\tat ua.splinestudio.rentautobus.appmanager.ApplicationManager.init(ApplicationManager.java:64)\r\n\tat ua.splinestudio.rentautobus.tests.TestBase.setUp(TestBase.java:24)\r\n\tat sun.reflect.NativeMethodAccessorImpl.invoke0(Native Method)\r\n\tat sun.reflect.NativeMethodAccessorImpl.invoke(NativeMethodAccessorImpl.java:62)\r\n\tat sun.reflect.DelegatingMethodAccessorImpl.invoke(DelegatingMethodAccessorImpl.java:43)\r\n\tat java.lang.reflect.Method.invoke(Method.java:498)\r\n\tat org.testng.internal.MethodInvocationHelper.invokeMethod(MethodInvocationHelper.java:133)\r\n\tat org.testng.internal.MethodInvocationHelper.invokeMethodConsideringTimeout(MethodInvocationHelper.java:62)\r\n\tat org.testng.internal.ConfigInvoker.invokeConfigurationMethod(ConfigInvoker.java:340)\r\n\tat org.testng.internal.ConfigInvoker.invokeConfigurations(ConfigInvoker.java:294)\r\n\tat org.testng.SuiteRunner.privateRun(SuiteRunner.java:345)\r\n\tat org.testng.SuiteRunner.run(SuiteRunner.java:304)\r\n\tat org.testng.SuiteRunnerWorker.runSuite(SuiteRunnerWorker.java:53)\r\n\tat org.testng.SuiteRunnerWorker.run(SuiteRunnerWorker.java:96)\r\n\tat org.testng.TestNG.runSuitesSequentially(TestNG.java:1180)\r\n\tat org.testng.TestNG.runSuitesLocally(TestNG.java:1102)\r\n\tat org.testng.TestNG.runSuites(TestNG.java:1032)\r\n\tat org.testng.TestNG.run(TestNG.java:1000)\r\n\tat org.gradle.api.internal.tasks.testing.testng.TestNGTestClassProcessor.runTests(TestNGTestClassProcessor.java:141)\r\n\tat org.gradle.api.internal.tasks.testing.testng.TestNGTestClassProcessor.stop(TestNGTestClassProcessor.java:90)\r\n\tat org.gradle.api.internal.tasks.testing.SuiteTestClassProcessor.stop(SuiteTestClassProcessor.java:61)\r\n\tat sun.reflect.NativeMethodAccessorImpl.invoke0(Native Method)\r\n\tat sun.reflect.NativeMethodAccessorImpl.invoke(NativeMethodAccessorImpl.java:62)\r\n\tat sun.reflect.DelegatingMethodAccessorImpl.invoke(DelegatingMethodAccessorImpl.java:43)\r\n\tat java.lang.reflect.Method.invoke(Method.java:498)\r\n\tat org.gradle.internal.dispatch.ReflectionDispatch.dispatch(ReflectionDispatch.java:36)\r\n\tat org.gradle.internal.dispatch.ReflectionDispatch.dispatch(ReflectionDispatch.java:24)\r\n\tat org.gradle.internal.dispatch.ContextClassLoaderDispatch.dispatch(ContextClassLoaderDispatch.java:33)\r\n\tat org.gradle.internal.dispatch.ProxyDispatchAdapter$DispatchingInvocationHandler.invoke(ProxyDispatchAdapter.java:94)\r\n\tat com.sun.proxy.$Proxy2.stop(Unknown Source)\r\n\tat org.gradle.api.internal.tasks.testing.worker.TestWorker.stop(TestWorker.java:132)\r\n\tat sun.reflect.NativeMethodAccessorImpl.invoke0(Native Method)\r\n\tat sun.reflect.NativeMethodAccessorImpl.invoke(NativeMethodAccessorImpl.java:62)\r\n\tat sun.reflect.DelegatingMethodAccessorImpl.invoke(DelegatingMethodAccessorImpl.java:43)\r\n\tat java.lang.reflect.Method.invoke(Method.java:498)\r\n\tat org.gradle.internal.dispatch.ReflectionDispatch.dispatch(ReflectionDispatch.java:36)\r\n\tat org.gradle.internal.dispatch.ReflectionDispatch.dispatch(ReflectionDispatch.java:24)\r\n\tat org.gradle.internal.remote.internal.hub.MessageHubBackedObjectConnection$DispatchWrapper.dispatch(MessageHubBackedObjectConnection.java:182)\r\n\tat org.gradle.internal.remote.internal.hub.MessageHubBackedObjectConnection$DispatchWrapper.dispatch(MessageHubBackedObjectConnection.java:164)\r\n\tat org.gradle.internal.remote.internal.hub.MessageHub$Handler.run(MessageHub.java:412)\r\n\tat org.gradle.internal.concurrent.ExecutorPolicy$CatchAndRecordFailures.onExecute(ExecutorPolicy.java:64)\r\n\tat org.gradle.internal.concurrent.ManagedExecutorImpl$1.run(ManagedExecutorImpl.java:48)\r\n\tat java.util.concurrent.ThreadPoolExecutor.runWorker(ThreadPoolExecutor.java:1149)\r\n\tat java.util.concurrent.ThreadPoolExecutor$Worker.run(ThreadPoolExecutor.java:624)\r\n\tat org.gradle.internal.concurrent.ThreadFactoryImpl$ManagedThreadRunnable.run(ThreadFactoryImpl.java:56)\r\n\tat java.lang.Thread.run(Thread.java:748)\r\n"},"stage":"finished","start":1579256739089,"stop":1579256739095,"parameters":[]}