<?xml version="1.0" encoding="UTF-8" standalone="yes"?>
<ns2:test-suite start="1577555820570" stop="1577555820956" version="1.5.4" xmlns:ns2="urn:model.allure.qatools.yandex.ru">
    <name>Suite1 : Groups</name>
    <title>Suite1 : Groups</title>
    <test-cases>
        <test-case start="1577555820544" stop="1577555820560" status="broken">
            <name>setUp</name>
            <description>@BeforeSuite</description>
            <failure>
                <message>ServiceException: Unable to create requested service [org.hibernate.engine.jdbc.env.spi.JdbcEnvironment]</message>
                <stack-trace>org.hibernate.service.spi.ServiceException: Unable to create requested service [org.hibernate.engine.jdbc.env.spi.JdbcEnvironment]&#13;
	at org.hibernate.service.internal.AbstractServiceRegistryImpl.createService(AbstractServiceRegistryImpl.java:275)&#13;
	at org.hibernate.service.internal.AbstractServiceRegistryImpl.initializeService(AbstractServiceRegistryImpl.java:237)&#13;
	at org.hibernate.service.internal.AbstractServiceRegistryImpl.getService(AbstractServiceRegistryImpl.java:214)&#13;
	at org.hibernate.id.factory.internal.DefaultIdentifierGeneratorFactory.injectServices(DefaultIdentifierGeneratorFactory.java:152)&#13;
	at org.hibernate.service.internal.AbstractServiceRegistryImpl.injectDependencies(AbstractServiceRegistryImpl.java:286)&#13;
	at org.hibernate.service.internal.AbstractServiceRegistryImpl.initializeService(AbstractServiceRegistryImpl.java:243)&#13;
	at org.hibernate.service.internal.AbstractServiceRegistryImpl.getService(AbstractServiceRegistryImpl.java:214)&#13;
	at org.hibernate.boot.internal.InFlightMetadataCollectorImpl.&lt;init&gt;(InFlightMetadataCollectorImpl.java:174)&#13;
	at org.hibernate.boot.model.process.spi.MetadataBuildingProcess.complete(MetadataBuildingProcess.java:117)&#13;
	at org.hibernate.boot.model.process.spi.MetadataBuildingProcess.build(MetadataBuildingProcess.java:82)&#13;
	at org.hibernate.boot.internal.MetadataBuilderImpl.build(MetadataBuilderImpl.java:405)&#13;
	at org.hibernate.boot.internal.MetadataBuilderImpl.build(MetadataBuilderImpl.java:79)&#13;
	at org.hibernate.boot.MetadataSources.buildMetadata(MetadataSources.java:193)&#13;
	at ua.splinestudio.addressbook.appmanager.DbHelper.&lt;init&gt;(DbHelper.java:22)&#13;
	at ua.splinestudio.addressbook.appmanager.ApplicationManager.init(ApplicationManager.java:38)&#13;
	at ua.splinestudio.addressbook.tests.TestBase.setUp(TestBase.java:30)&#13;
	at sun.reflect.NativeMethodAccessorImpl.invoke0(Native Method)&#13;
	at sun.reflect.NativeMethodAccessorImpl.invoke(NativeMethodAccessorImpl.java:62)&#13;
	at sun.reflect.DelegatingMethodAccessorImpl.invoke(DelegatingMethodAccessorImpl.java:43)&#13;
	at java.lang.reflect.Method.invoke(Method.java:498)&#13;
	at org.testng.internal.MethodInvocationHelper.invokeMethod(MethodInvocationHelper.java:133)&#13;
	at org.testng.internal.MethodInvocationHelper.invokeMethodConsideringTimeout(MethodInvocationHelper.java:62)&#13;
	at org.testng.internal.ConfigInvoker.invokeConfigurationMethod(ConfigInvoker.java:340)&#13;
	at org.testng.internal.ConfigInvoker.invokeConfigurations(ConfigInvoker.java:294)&#13;
	at org.testng.SuiteRunner.privateRun(SuiteRunner.java:345)&#13;
	at org.testng.SuiteRunner.run(SuiteRunner.java:304)&#13;
	at org.testng.SuiteRunnerWorker.runSuite(SuiteRunnerWorker.java:53)&#13;
	at org.testng.SuiteRunnerWorker.run(SuiteRunnerWorker.java:96)&#13;
	at org.testng.TestNG.runSuitesSequentially(TestNG.java:1180)&#13;
	at org.testng.TestNG.runSuitesLocally(TestNG.java:1102)&#13;
	at org.testng.TestNG.runSuites(TestNG.java:1032)&#13;
	at org.testng.TestNG.run(TestNG.java:1000)&#13;
	at org.gradle.api.internal.tasks.testing.testng.TestNGTestClassProcessor.runTests(TestNGTestClassProcessor.java:141)&#13;
	at org.gradle.api.internal.tasks.testing.testng.TestNGTestClassProcessor.stop(TestNGTestClassProcessor.java:90)&#13;
	at org.gradle.api.internal.tasks.testing.SuiteTestClassProcessor.stop(SuiteTestClassProcessor.java:61)&#13;
	at sun.reflect.NativeMethodAccessorImpl.invoke0(Native Method)&#13;
	at sun.reflect.NativeMethodAccessorImpl.invoke(NativeMethodAccessorImpl.java:62)&#13;
	at sun.reflect.DelegatingMethodAccessorImpl.invoke(DelegatingMethodAccessorImpl.java:43)&#13;
	at java.lang.reflect.Method.invoke(Method.java:498)&#13;
	at org.gradle.internal.dispatch.ReflectionDispatch.dispatch(ReflectionDispatch.java:36)&#13;
	at org.gradle.internal.dispatch.ReflectionDispatch.dispatch(ReflectionDispatch.java:24)&#13;
	at org.gradle.internal.dispatch.ContextClassLoaderDispatch.dispatch(ContextClassLoaderDispatch.java:33)&#13;
	at org.gradle.internal.dispatch.ProxyDispatchAdapter$DispatchingInvocationHandler.invoke(ProxyDispatchAdapter.java:94)&#13;
	at com.sun.proxy.$Proxy2.stop(Unknown Source)&#13;
	at org.gradle.api.internal.tasks.testing.worker.TestWorker.stop(TestWorker.java:132)&#13;
	at sun.reflect.NativeMethodAccessorImpl.invoke0(Native Method)&#13;
	at sun.reflect.NativeMethodAccessorImpl.invoke(NativeMethodAccessorImpl.java:62)&#13;
	at sun.reflect.DelegatingMethodAccessorImpl.invoke(DelegatingMethodAccessorImpl.java:43)&#13;
	at java.lang.reflect.Method.invoke(Method.java:498)&#13;
	at org.gradle.internal.dispatch.ReflectionDispatch.dispatch(ReflectionDispatch.java:36)&#13;
	at org.gradle.internal.dispatch.ReflectionDispatch.dispatch(ReflectionDispatch.java:24)&#13;
	at org.gradle.internal.remote.internal.hub.MessageHubBackedObjectConnection$DispatchWrapper.dispatch(MessageHubBackedObjectConnection.java:182)&#13;
	at org.gradle.internal.remote.internal.hub.MessageHubBackedObjectConnection$DispatchWrapper.dispatch(MessageHubBackedObjectConnection.java:164)&#13;
	at org.gradle.internal.remote.internal.hub.MessageHub$Handler.run(MessageHub.java:412)&#13;
	at org.gradle.internal.concurrent.ExecutorPolicy$CatchAndRecordFailures.onExecute(ExecutorPolicy.java:64)&#13;
	at org.gradle.internal.concurrent.ManagedExecutorImpl$1.run(ManagedExecutorImpl.java:48)&#13;
	at java.util.concurrent.ThreadPoolExecutor.runWorker(ThreadPoolExecutor.java:1149)&#13;
	at java.util.concurrent.ThreadPoolExecutor$Worker.run(ThreadPoolExecutor.java:624)&#13;
	at org.gradle.internal.concurrent.ThreadFactoryImpl$ManagedThreadRunnable.run(ThreadFactoryImpl.java:56)&#13;
	at java.lang.Thread.run(Thread.java:748)&#13;
Caused by: org.hibernate.exception.JDBCConnectionException: Error calling Driver#connect&#13;
	at org.hibernate.exception.internal.SQLStateConversionDelegate.convert(SQLStateConversionDelegate.java:112)&#13;
	at org.hibernate.exception.internal.StandardSQLExceptionConverter.convert(StandardSQLExceptionConverter.java:42)&#13;
	at org.hibernate.engine.jdbc.spi.SqlExceptionHelper.convert(SqlExceptionHelper.java:113)&#13;
	at org.hibernate.engine.jdbc.connections.internal.BasicConnectionCreator.convertSqlException(BasicConnectionCreator.java:118)&#13;
	at org.hibernate.engine.jdbc.connections.internal.DriverConnectionCreator.makeConnection(DriverConnectionCreator.java:41)&#13;
	at org.hibernate.engine.jdbc.connections.internal.BasicConnectionCreator.createConnection(BasicConnectionCreator.java:58)&#13;
	at org.hibernate.engine.jdbc.connections.internal.DriverManagerConnectionProviderImpl$PooledConnections.addConnections(DriverManagerConnectionProviderImpl.java:331)&#13;
	at org.hibernate.engine.jdbc.connections.internal.DriverManagerConnectionProviderImpl$PooledConnections.&lt;init&gt;(DriverManagerConnectionProviderImpl.java:250)&#13;
	at org.hibernate.engine.jdbc.connections.internal.DriverManagerConnectionProviderImpl$PooledConnections.&lt;init&gt;(DriverManagerConnectionProviderImpl.java:228)&#13;
	at org.hibernate.engine.jdbc.connections.internal.DriverManagerConnectionProviderImpl$PooledConnections$Builder.build(DriverManagerConnectionProviderImpl.java:369)&#13;
	at org.hibernate.engine.jdbc.connections.internal.DriverManagerConnectionProviderImpl.buildPool(DriverManagerConnectionProviderImpl.java:98)&#13;
	at org.hibernate.engine.jdbc.connections.internal.DriverManagerConnectionProviderImpl.configure(DriverManagerConnectionProviderImpl.java:73)&#13;
	at org.hibernate.boot.registry.internal.StandardServiceRegistryImpl.configureService(StandardServiceRegistryImpl.java:107)&#13;
	at org.hibernate.service.internal.AbstractServiceRegistryImpl.initializeService(AbstractServiceRegistryImpl.java:246)&#13;
	at org.hibernate.service.internal.AbstractServiceRegistryImpl.getService(AbstractServiceRegistryImpl.java:214)&#13;
	at org.hibernate.engine.jdbc.env.internal.JdbcEnvironmentInitiator.buildJdbcConnectionAccess(JdbcEnvironmentInitiator.java:145)&#13;
	at org.hibernate.engine.jdbc.env.internal.JdbcEnvironmentInitiator.initiateService(JdbcEnvironmentInitiator.java:66)&#13;
	at org.hibernate.engine.jdbc.env.internal.JdbcEnvironmentInitiator.initiateService(JdbcEnvironmentInitiator.java:35)&#13;
	at org.hibernate.boot.registry.internal.StandardServiceRegistryImpl.initiateService(StandardServiceRegistryImpl.java:101)&#13;
	at org.hibernate.service.internal.AbstractServiceRegistryImpl.createService(AbstractServiceRegistryImpl.java:263)&#13;
	... 59 more&#13;
Caused by: com.mysql.cj.jdbc.exceptions.CommunicationsException: Communications link failure

The last packet sent successfully to the server was 0 milliseconds ago. The driver has not received any packets from the server.&#13;
	at com.mysql.cj.jdbc.exceptions.SQLError.createCommunicationsException(SQLError.java:174)&#13;
	at com.mysql.cj.jdbc.exceptions.SQLExceptionsMapping.translateException(SQLExceptionsMapping.java:64)&#13;
	at com.mysql.cj.jdbc.ConnectionImpl.createNewIO(ConnectionImpl.java:836)&#13;
	at com.mysql.cj.jdbc.ConnectionImpl.&lt;init&gt;(ConnectionImpl.java:456)&#13;
	at com.mysql.cj.jdbc.ConnectionImpl.getInstance(ConnectionImpl.java:246)&#13;
	at com.mysql.cj.jdbc.NonRegisteringDriver.connect(NonRegisteringDriver.java:199)&#13;
	at org.hibernate.engine.jdbc.connections.internal.DriverConnectionCreator.makeConnection(DriverConnectionCreator.java:38)&#13;
	... 74 more&#13;
Caused by: com.mysql.cj.exceptions.CJCommunicationsException: Communications link failure

The last packet sent successfully to the server was 0 milliseconds ago. The driver has not received any packets from the server.&#13;
	at sun.reflect.NativeConstructorAccessorImpl.newInstance0(Native Method)&#13;
	at sun.reflect.NativeConstructorAccessorImpl.newInstance(NativeConstructorAccessorImpl.java:62)&#13;
	at sun.reflect.DelegatingConstructorAccessorImpl.newInstance(DelegatingConstructorAccessorImpl.java:45)&#13;
	at java.lang.reflect.Constructor.newInstance(Constructor.java:423)&#13;
	at com.mysql.cj.exceptions.ExceptionFactory.createException(ExceptionFactory.java:61)&#13;
	at com.mysql.cj.exceptions.ExceptionFactory.createException(ExceptionFactory.java:105)&#13;
	at com.mysql.cj.exceptions.ExceptionFactory.createException(ExceptionFactory.java:151)&#13;
	at com.mysql.cj.exceptions.ExceptionFactory.createCommunicationsException(ExceptionFactory.java:167)&#13;
	at com.mysql.cj.protocol.a.NativeSocketConnection.connect(NativeSocketConnection.java:91)&#13;
	at com.mysql.cj.NativeSession.connect(NativeSession.java:144)&#13;
	at com.mysql.cj.jdbc.ConnectionImpl.connectOneTryOnly(ConnectionImpl.java:956)&#13;
	at com.mysql.cj.jdbc.ConnectionImpl.createNewIO(ConnectionImpl.java:826)&#13;
	... 78 more&#13;
Caused by: java.net.ConnectException: Connection refused: connect&#13;
	at java.net.DualStackPlainSocketImpl.connect0(Native Method)&#13;
	at java.net.DualStackPlainSocketImpl.socketConnect(DualStackPlainSocketImpl.java:79)&#13;
	at java.net.AbstractPlainSocketImpl.doConnect(AbstractPlainSocketImpl.java:350)&#13;
	at java.net.AbstractPlainSocketImpl.connectToAddress(AbstractPlainSocketImpl.java:206)&#13;
	at java.net.AbstractPlainSocketImpl.connect(AbstractPlainSocketImpl.java:188)&#13;
	at java.net.PlainSocketImpl.connect(PlainSocketImpl.java:172)&#13;
	at java.net.SocksSocketImpl.connect(SocksSocketImpl.java:392)&#13;
	at java.net.Socket.connect(Socket.java:606)&#13;
	at com.mysql.cj.protocol.StandardSocketFactory.connect(StandardSocketFactory.java:155)&#13;
	at com.mysql.cj.protocol.a.NativeSocketConnection.connect(NativeSocketConnection.java:65)&#13;
	... 81 more&#13;
</stack-trace>
            </failure>
            <steps/>
            <attachments/>
            <labels>
                <label name="host" value="WIN-H3K2C979116"/>
                <label name="thread" value="10480@WIN-H3K2C979116.Test worker(11)"/>
            </labels>
        </test-case>
        <test-case start="1577555820571" stop="1577555820572" status="pending">
            <name>testBadGroupCreation</name>
            <description></description>
            <failure>
                <message>Test not implemented yet</message>
                <stack-trace>There are no stack trace</stack-trace>
            </failure>
            <steps/>
            <attachments/>
            <labels>
                <label name="host" value="WIN-H3K2C979116"/>
                <label name="thread" value="10480@WIN-H3K2C979116.Test worker(11)"/>
            </labels>
        </test-case>
        <test-case start="1577555820878" stop="1577555820879" status="canceled">
            <name>logTestStart</name>
            <description>@BeforeMethod</description>
            <failure>
                <message>: Skipped due to dependency on other skipped or failed test methods</message>
                <stack-trace>ru.yandex.qatools.allure.testng.AllureTestListener$1: Skipped due to dependency on other skipped or failed test methods&#13;
	at ru.yandex.qatools.allure.testng.AllureTestListener.fireTestCaseCancel(AllureTestListener.java:425)&#13;
	at ru.yandex.qatools.allure.testng.AllureTestListener.onConfigurationSkip(AllureTestListener.java:120)&#13;
	at org.testng.internal.TestListenerHelper.runPostConfigurationListeners(TestListenerHelper.java:33)&#13;
	at org.testng.internal.ConfigInvoker.runConfigurationListeners(ConfigInvoker.java:377)&#13;
	at org.testng.internal.ConfigInvoker.handleConfigurationSkip(ConfigInvoker.java:394)&#13;
	at org.testng.internal.ConfigInvoker.invokeConfigurations(ConfigInvoker.java:260)&#13;
	at org.testng.internal.TestInvoker.runConfigMethods(TestInvoker.java:683)&#13;
	at org.testng.internal.TestInvoker.invokeMethod(TestInvoker.java:510)&#13;
	at org.testng.internal.TestInvoker.invokeTestMethod(TestInvoker.java:172)&#13;
	at org.testng.internal.MethodRunner.runInSequence(MethodRunner.java:46)&#13;
	at org.testng.internal.TestInvoker$MethodInvocationAgent.invoke(TestInvoker.java:804)&#13;
	at org.testng.internal.TestInvoker.invokeTestMethods(TestInvoker.java:145)&#13;
	at org.testng.internal.TestMethodWorker.invokeTestMethods(TestMethodWorker.java:146)&#13;
	at org.testng.internal.TestMethodWorker.run(TestMethodWorker.java:128)&#13;
	at java.util.ArrayList.forEach(ArrayList.java:1257)&#13;
	at org.testng.TestRunner.privateRun(TestRunner.java:770)&#13;
	at org.testng.TestRunner.run(TestRunner.java:591)&#13;
	at org.testng.SuiteRunner.runTest(SuiteRunner.java:402)&#13;
	at org.testng.SuiteRunner.runSequentially(SuiteRunner.java:396)&#13;
	at org.testng.SuiteRunner.privateRun(SuiteRunner.java:355)&#13;
	at org.testng.SuiteRunner.run(SuiteRunner.java:304)&#13;
	at org.testng.SuiteRunnerWorker.runSuite(SuiteRunnerWorker.java:53)&#13;
	at org.testng.SuiteRunnerWorker.run(SuiteRunnerWorker.java:96)&#13;
	at org.testng.TestNG.runSuitesSequentially(TestNG.java:1180)&#13;
	at org.testng.TestNG.runSuitesLocally(TestNG.java:1102)&#13;
	at org.testng.TestNG.runSuites(TestNG.java:1032)&#13;
	at org.testng.TestNG.run(TestNG.java:1000)&#13;
	at org.gradle.api.internal.tasks.testing.testng.TestNGTestClassProcessor.runTests(TestNGTestClassProcessor.java:141)&#13;
	at org.gradle.api.internal.tasks.testing.testng.TestNGTestClassProcessor.stop(TestNGTestClassProcessor.java:90)&#13;
	at org.gradle.api.internal.tasks.testing.SuiteTestClassProcessor.stop(SuiteTestClassProcessor.java:61)&#13;
	at sun.reflect.NativeMethodAccessorImpl.invoke0(Native Method)&#13;
	at sun.reflect.NativeMethodAccessorImpl.invoke(NativeMethodAccessorImpl.java:62)&#13;
	at sun.reflect.DelegatingMethodAccessorImpl.invoke(DelegatingMethodAccessorImpl.java:43)&#13;
	at java.lang.reflect.Method.invoke(Method.java:498)&#13;
	at org.gradle.internal.dispatch.ReflectionDispatch.dispatch(ReflectionDispatch.java:36)&#13;
	at org.gradle.internal.dispatch.ReflectionDispatch.dispatch(ReflectionDispatch.java:24)&#13;
	at org.gradle.internal.dispatch.ContextClassLoaderDispatch.dispatch(ContextClassLoaderDispatch.java:33)&#13;
	at org.gradle.internal.dispatch.ProxyDispatchAdapter$DispatchingInvocationHandler.invoke(ProxyDispatchAdapter.java:94)&#13;
	at com.sun.proxy.$Proxy2.stop(Unknown Source)&#13;
	at org.gradle.api.internal.tasks.testing.worker.TestWorker.stop(TestWorker.java:132)&#13;
	at sun.reflect.NativeMethodAccessorImpl.invoke0(Native Method)&#13;
	at sun.reflect.NativeMethodAccessorImpl.invoke(NativeMethodAccessorImpl.java:62)&#13;
	at sun.reflect.DelegatingMethodAccessorImpl.invoke(DelegatingMethodAccessorImpl.java:43)&#13;
	at java.lang.reflect.Method.invoke(Method.java:498)&#13;
	at org.gradle.internal.dispatch.ReflectionDispatch.dispatch(ReflectionDispatch.java:36)&#13;
	at org.gradle.internal.dispatch.ReflectionDispatch.dispatch(ReflectionDispatch.java:24)&#13;
	at org.gradle.internal.remote.internal.hub.MessageHubBackedObjectConnection$DispatchWrapper.dispatch(MessageHubBackedObjectConnection.java:182)&#13;
	at org.gradle.internal.remote.internal.hub.MessageHubBackedObjectConnection$DispatchWrapper.dispatch(MessageHubBackedObjectConnection.java:164)&#13;
	at org.gradle.internal.remote.internal.hub.MessageHub$Handler.run(MessageHub.java:412)&#13;
	at org.gradle.internal.concurrent.ExecutorPolicy$CatchAndRecordFailures.onExecute(ExecutorPolicy.java:64)&#13;
	at org.gradle.internal.concurrent.ManagedExecutorImpl$1.run(ManagedExecutorImpl.java:48)&#13;
	at java.util.concurrent.ThreadPoolExecutor.runWorker(ThreadPoolExecutor.java:1149)&#13;
	at java.util.concurrent.ThreadPoolExecutor$Worker.run(ThreadPoolExecutor.java:624)&#13;
	at org.gradle.internal.concurrent.ThreadFactoryImpl$ManagedThreadRunnable.run(ThreadFactoryImpl.java:56)&#13;
	at java.lang.Thread.run(Thread.java:748)&#13;
</stack-trace>
            </failure>
            <steps/>
            <attachments/>
            <labels>
                <label name="host" value="WIN-H3K2C979116"/>
                <label name="thread" value="10480@WIN-H3K2C979116.Test worker(11)"/>
            </labels>
        </test-case>
        <test-case start="1577555820922" stop="1577555820926" status="canceled">
            <name>testGroupCreation</name>
            <description></description>
            <failure>
                <message>: Skipped due to dependency on other skipped or failed test methods</message>
                <stack-trace>ru.yandex.qatools.allure.testng.AllureTestListener$1: Skipped due to dependency on other skipped or failed test methods&#13;
	at ru.yandex.qatools.allure.testng.AllureTestListener.fireTestCaseCancel(AllureTestListener.java:425)&#13;
	at ru.yandex.qatools.allure.testng.AllureTestListener.onTestSkipped(AllureTestListener.java:186)&#13;
	at org.testng.internal.TestListenerHelper.runTestListeners(TestListenerHelper.java:57)&#13;
	at org.testng.internal.TestInvoker.runTestResultListener(TestInvoker.java:210)&#13;
	at org.testng.internal.TestInvoker.invokeListenersForSkippedTestResult(TestInvoker.java:432)&#13;
	at org.testng.internal.TestInvoker.invokeMethod(TestInvoker.java:529)&#13;
	at org.testng.internal.TestInvoker.invokeTestMethod(TestInvoker.java:172)&#13;
	at org.testng.internal.MethodRunner.runInSequence(MethodRunner.java:46)&#13;
	at org.testng.internal.TestInvoker$MethodInvocationAgent.invoke(TestInvoker.java:804)&#13;
	at org.testng.internal.TestInvoker.invokeTestMethods(TestInvoker.java:145)&#13;
	at org.testng.internal.TestMethodWorker.invokeTestMethods(TestMethodWorker.java:146)&#13;
	at org.testng.internal.TestMethodWorker.run(TestMethodWorker.java:128)&#13;
	at java.util.ArrayList.forEach(ArrayList.java:1257)&#13;
	at org.testng.TestRunner.privateRun(TestRunner.java:770)&#13;
	at org.testng.TestRunner.run(TestRunner.java:591)&#13;
	at org.testng.SuiteRunner.runTest(SuiteRunner.java:402)&#13;
	at org.testng.SuiteRunner.runSequentially(SuiteRunner.java:396)&#13;
	at org.testng.SuiteRunner.privateRun(SuiteRunner.java:355)&#13;
	at org.testng.SuiteRunner.run(SuiteRunner.java:304)&#13;
	at org.testng.SuiteRunnerWorker.runSuite(SuiteRunnerWorker.java:53)&#13;
	at org.testng.SuiteRunnerWorker.run(SuiteRunnerWorker.java:96)&#13;
	at org.testng.TestNG.runSuitesSequentially(TestNG.java:1180)&#13;
	at org.testng.TestNG.runSuitesLocally(TestNG.java:1102)&#13;
	at org.testng.TestNG.runSuites(TestNG.java:1032)&#13;
	at org.testng.TestNG.run(TestNG.java:1000)&#13;
	at org.gradle.api.internal.tasks.testing.testng.TestNGTestClassProcessor.runTests(TestNGTestClassProcessor.java:141)&#13;
	at org.gradle.api.internal.tasks.testing.testng.TestNGTestClassProcessor.stop(TestNGTestClassProcessor.java:90)&#13;
	at org.gradle.api.internal.tasks.testing.SuiteTestClassProcessor.stop(SuiteTestClassProcessor.java:61)&#13;
	at sun.reflect.NativeMethodAccessorImpl.invoke0(Native Method)&#13;
	at sun.reflect.NativeMethodAccessorImpl.invoke(NativeMethodAccessorImpl.java:62)&#13;
	at sun.reflect.DelegatingMethodAccessorImpl.invoke(DelegatingMethodAccessorImpl.java:43)&#13;
	at java.lang.reflect.Method.invoke(Method.java:498)&#13;
	at org.gradle.internal.dispatch.ReflectionDispatch.dispatch(ReflectionDispatch.java:36)&#13;
	at org.gradle.internal.dispatch.ReflectionDispatch.dispatch(ReflectionDispatch.java:24)&#13;
	at org.gradle.internal.dispatch.ContextClassLoaderDispatch.dispatch(ContextClassLoaderDispatch.java:33)&#13;
	at org.gradle.internal.dispatch.ProxyDispatchAdapter$DispatchingInvocationHandler.invoke(ProxyDispatchAdapter.java:94)&#13;
	at com.sun.proxy.$Proxy2.stop(Unknown Source)&#13;
	at org.gradle.api.internal.tasks.testing.worker.TestWorker.stop(TestWorker.java:132)&#13;
	at sun.reflect.NativeMethodAccessorImpl.invoke0(Native Method)&#13;
	at sun.reflect.NativeMethodAccessorImpl.invoke(NativeMethodAccessorImpl.java:62)&#13;
	at sun.reflect.DelegatingMethodAccessorImpl.invoke(DelegatingMethodAccessorImpl.java:43)&#13;
	at java.lang.reflect.Method.invoke(Method.java:498)&#13;
	at org.gradle.internal.dispatch.ReflectionDispatch.dispatch(ReflectionDispatch.java:36)&#13;
	at org.gradle.internal.dispatch.ReflectionDispatch.dispatch(ReflectionDispatch.java:24)&#13;
	at org.gradle.internal.remote.internal.hub.MessageHubBackedObjectConnection$DispatchWrapper.dispatch(MessageHubBackedObjectConnection.java:182)&#13;
	at org.gradle.internal.remote.internal.hub.MessageHubBackedObjectConnection$DispatchWrapper.dispatch(MessageHubBackedObjectConnection.java:164)&#13;
	at org.gradle.internal.remote.internal.hub.MessageHub$Handler.run(MessageHub.java:412)&#13;
	at org.gradle.internal.concurrent.ExecutorPolicy$CatchAndRecordFailures.onExecute(ExecutorPolicy.java:64)&#13;
	at org.gradle.internal.concurrent.ManagedExecutorImpl$1.run(ManagedExecutorImpl.java:48)&#13;
	at java.util.concurrent.ThreadPoolExecutor.runWorker(ThreadPoolExecutor.java:1149)&#13;
	at java.util.concurrent.ThreadPoolExecutor$Worker.run(ThreadPoolExecutor.java:624)&#13;
	at org.gradle.internal.concurrent.ThreadFactoryImpl$ManagedThreadRunnable.run(ThreadFactoryImpl.java:56)&#13;
	at java.lang.Thread.run(Thread.java:748)&#13;
</stack-trace>
            </failure>
            <steps/>
            <attachments/>
            <labels>
                <label name="testSuite" value="Suite1"/>
                <label name="testGroup" value="Groups"/>
                <label name="testClass" value="ua.splinestudio.addressbook.tests.GroupCreationTests"/>
                <label name="testMethod" value="testGroupCreation"/>
                <label name="host" value="WIN-H3K2C979116"/>
                <label name="thread" value="10480@WIN-H3K2C979116.Test worker(11)"/>
            </labels>
        </test-case>
        <test-case start="1577555820937" stop="1577555820938" status="canceled">
            <name>ensurePreconditions</name>
            <description>@BeforeMethod</description>
            <failure>
                <message>: Skipped due to dependency on other skipped or failed test methods</message>
                <stack-trace>ru.yandex.qatools.allure.testng.AllureTestListener$1: Skipped due to dependency on other skipped or failed test methods&#13;
	at ru.yandex.qatools.allure.testng.AllureTestListener.fireTestCaseCancel(AllureTestListener.java:425)&#13;
	at ru.yandex.qatools.allure.testng.AllureTestListener.onConfigurationSkip(AllureTestListener.java:120)&#13;
	at org.testng.internal.TestListenerHelper.runPostConfigurationListeners(TestListenerHelper.java:33)&#13;
	at org.testng.internal.ConfigInvoker.runConfigurationListeners(ConfigInvoker.java:377)&#13;
	at org.testng.internal.ConfigInvoker.handleConfigurationSkip(ConfigInvoker.java:394)&#13;
	at org.testng.internal.ConfigInvoker.invokeConfigurations(ConfigInvoker.java:260)&#13;
	at org.testng.internal.TestInvoker.runConfigMethods(TestInvoker.java:683)&#13;
	at org.testng.internal.TestInvoker.invokeMethod(TestInvoker.java:510)&#13;
	at org.testng.internal.TestInvoker.invokeTestMethod(TestInvoker.java:172)&#13;
	at org.testng.internal.MethodRunner.runInSequence(MethodRunner.java:46)&#13;
	at org.testng.internal.TestInvoker$MethodInvocationAgent.invoke(TestInvoker.java:804)&#13;
	at org.testng.internal.TestInvoker.invokeTestMethods(TestInvoker.java:145)&#13;
	at org.testng.internal.TestMethodWorker.invokeTestMethods(TestMethodWorker.java:146)&#13;
	at org.testng.internal.TestMethodWorker.run(TestMethodWorker.java:128)&#13;
	at java.util.ArrayList.forEach(ArrayList.java:1257)&#13;
	at org.testng.TestRunner.privateRun(TestRunner.java:770)&#13;
	at org.testng.TestRunner.run(TestRunner.java:591)&#13;
	at org.testng.SuiteRunner.runTest(SuiteRunner.java:402)&#13;
	at org.testng.SuiteRunner.runSequentially(SuiteRunner.java:396)&#13;
	at org.testng.SuiteRunner.privateRun(SuiteRunner.java:355)&#13;
	at org.testng.SuiteRunner.run(SuiteRunner.java:304)&#13;
	at org.testng.SuiteRunnerWorker.runSuite(SuiteRunnerWorker.java:53)&#13;
	at org.testng.SuiteRunnerWorker.run(SuiteRunnerWorker.java:96)&#13;
	at org.testng.TestNG.runSuitesSequentially(TestNG.java:1180)&#13;
	at org.testng.TestNG.runSuitesLocally(TestNG.java:1102)&#13;
	at org.testng.TestNG.runSuites(TestNG.java:1032)&#13;
	at org.testng.TestNG.run(TestNG.java:1000)&#13;
	at org.gradle.api.internal.tasks.testing.testng.TestNGTestClassProcessor.runTests(TestNGTestClassProcessor.java:141)&#13;
	at org.gradle.api.internal.tasks.testing.testng.TestNGTestClassProcessor.stop(TestNGTestClassProcessor.java:90)&#13;
	at org.gradle.api.internal.tasks.testing.SuiteTestClassProcessor.stop(SuiteTestClassProcessor.java:61)&#13;
	at sun.reflect.NativeMethodAccessorImpl.invoke0(Native Method)&#13;
	at sun.reflect.NativeMethodAccessorImpl.invoke(NativeMethodAccessorImpl.java:62)&#13;
	at sun.reflect.DelegatingMethodAccessorImpl.invoke(DelegatingMethodAccessorImpl.java:43)&#13;
	at java.lang.reflect.Method.invoke(Method.java:498)&#13;
	at org.gradle.internal.dispatch.ReflectionDispatch.dispatch(ReflectionDispatch.java:36)&#13;
	at org.gradle.internal.dispatch.ReflectionDispatch.dispatch(ReflectionDispatch.java:24)&#13;
	at org.gradle.internal.dispatch.ContextClassLoaderDispatch.dispatch(ContextClassLoaderDispatch.java:33)&#13;
	at org.gradle.internal.dispatch.ProxyDispatchAdapter$DispatchingInvocationHandler.invoke(ProxyDispatchAdapter.java:94)&#13;
	at com.sun.proxy.$Proxy2.stop(Unknown Source)&#13;
	at org.gradle.api.internal.tasks.testing.worker.TestWorker.stop(TestWorker.java:132)&#13;
	at sun.reflect.NativeMethodAccessorImpl.invoke0(Native Method)&#13;
	at sun.reflect.NativeMethodAccessorImpl.invoke(NativeMethodAccessorImpl.java:62)&#13;
	at sun.reflect.DelegatingMethodAccessorImpl.invoke(DelegatingMethodAccessorImpl.java:43)&#13;
	at java.lang.reflect.Method.invoke(Method.java:498)&#13;
	at org.gradle.internal.dispatch.ReflectionDispatch.dispatch(ReflectionDispatch.java:36)&#13;
	at org.gradle.internal.dispatch.ReflectionDispatch.dispatch(ReflectionDispatch.java:24)&#13;
	at org.gradle.internal.remote.internal.hub.MessageHubBackedObjectConnection$DispatchWrapper.dispatch(MessageHubBackedObjectConnection.java:182)&#13;
	at org.gradle.internal.remote.internal.hub.MessageHubBackedObjectConnection$DispatchWrapper.dispatch(MessageHubBackedObjectConnection.java:164)&#13;
	at org.gradle.internal.remote.internal.hub.MessageHub$Handler.run(MessageHub.java:412)&#13;
	at org.gradle.internal.concurrent.ExecutorPolicy$CatchAndRecordFailures.onExecute(ExecutorPolicy.java:64)&#13;
	at org.gradle.internal.concurrent.ManagedExecutorImpl$1.run(ManagedExecutorImpl.java:48)&#13;
	at java.util.concurrent.ThreadPoolExecutor.runWorker(ThreadPoolExecutor.java:1149)&#13;
	at java.util.concurrent.ThreadPoolExecutor$Worker.run(ThreadPoolExecutor.java:624)&#13;
	at org.gradle.internal.concurrent.ThreadFactoryImpl$ManagedThreadRunnable.run(ThreadFactoryImpl.java:56)&#13;
	at java.lang.Thread.run(Thread.java:748)&#13;
</stack-trace>
            </failure>
            <steps/>
            <attachments/>
            <labels>
                <label name="host" value="WIN-H3K2C979116"/>
                <label name="thread" value="10480@WIN-H3K2C979116.Test worker(11)"/>
            </labels>
        </test-case>
        <test-case start="1577555820939" stop="1577555820942" status="canceled">
            <name>testGroupModification</name>
            <description></description>
            <failure>
                <message>: Skipped due to dependency on other skipped or failed test methods</message>
                <stack-trace>ru.yandex.qatools.allure.testng.AllureTestListener$1: Skipped due to dependency on other skipped or failed test methods&#13;
	at ru.yandex.qatools.allure.testng.AllureTestListener.fireTestCaseCancel(AllureTestListener.java:425)&#13;
	at ru.yandex.qatools.allure.testng.AllureTestListener.onTestSkipped(AllureTestListener.java:186)&#13;
	at org.testng.internal.TestListenerHelper.runTestListeners(TestListenerHelper.java:57)&#13;
	at org.testng.internal.TestInvoker.runTestResultListener(TestInvoker.java:210)&#13;
	at org.testng.internal.TestInvoker.invokeListenersForSkippedTestResult(TestInvoker.java:432)&#13;
	at org.testng.internal.TestInvoker.invokeMethod(TestInvoker.java:529)&#13;
	at org.testng.internal.TestInvoker.invokeTestMethod(TestInvoker.java:172)&#13;
	at org.testng.internal.MethodRunner.runInSequence(MethodRunner.java:46)&#13;
	at org.testng.internal.TestInvoker$MethodInvocationAgent.invoke(TestInvoker.java:804)&#13;
	at org.testng.internal.TestInvoker.invokeTestMethods(TestInvoker.java:145)&#13;
	at org.testng.internal.TestMethodWorker.invokeTestMethods(TestMethodWorker.java:146)&#13;
	at org.testng.internal.TestMethodWorker.run(TestMethodWorker.java:128)&#13;
	at java.util.ArrayList.forEach(ArrayList.java:1257)&#13;
	at org.testng.TestRunner.privateRun(TestRunner.java:770)&#13;
	at org.testng.TestRunner.run(TestRunner.java:591)&#13;
	at org.testng.SuiteRunner.runTest(SuiteRunner.java:402)&#13;
	at org.testng.SuiteRunner.runSequentially(SuiteRunner.java:396)&#13;
	at org.testng.SuiteRunner.privateRun(SuiteRunner.java:355)&#13;
	at org.testng.SuiteRunner.run(SuiteRunner.java:304)&#13;
	at org.testng.SuiteRunnerWorker.runSuite(SuiteRunnerWorker.java:53)&#13;
	at org.testng.SuiteRunnerWorker.run(SuiteRunnerWorker.java:96)&#13;
	at org.testng.TestNG.runSuitesSequentially(TestNG.java:1180)&#13;
	at org.testng.TestNG.runSuitesLocally(TestNG.java:1102)&#13;
	at org.testng.TestNG.runSuites(TestNG.java:1032)&#13;
	at org.testng.TestNG.run(TestNG.java:1000)&#13;
	at org.gradle.api.internal.tasks.testing.testng.TestNGTestClassProcessor.runTests(TestNGTestClassProcessor.java:141)&#13;
	at org.gradle.api.internal.tasks.testing.testng.TestNGTestClassProcessor.stop(TestNGTestClassProcessor.java:90)&#13;
	at org.gradle.api.internal.tasks.testing.SuiteTestClassProcessor.stop(SuiteTestClassProcessor.java:61)&#13;
	at sun.reflect.NativeMethodAccessorImpl.invoke0(Native Method)&#13;
	at sun.reflect.NativeMethodAccessorImpl.invoke(NativeMethodAccessorImpl.java:62)&#13;
	at sun.reflect.DelegatingMethodAccessorImpl.invoke(DelegatingMethodAccessorImpl.java:43)&#13;
	at java.lang.reflect.Method.invoke(Method.java:498)&#13;
	at org.gradle.internal.dispatch.ReflectionDispatch.dispatch(ReflectionDispatch.java:36)&#13;
	at org.gradle.internal.dispatch.ReflectionDispatch.dispatch(ReflectionDispatch.java:24)&#13;
	at org.gradle.internal.dispatch.ContextClassLoaderDispatch.dispatch(ContextClassLoaderDispatch.java:33)&#13;
	at org.gradle.internal.dispatch.ProxyDispatchAdapter$DispatchingInvocationHandler.invoke(ProxyDispatchAdapter.java:94)&#13;
	at com.sun.proxy.$Proxy2.stop(Unknown Source)&#13;
	at org.gradle.api.internal.tasks.testing.worker.TestWorker.stop(TestWorker.java:132)&#13;
	at sun.reflect.NativeMethodAccessorImpl.invoke0(Native Method)&#13;
	at sun.reflect.NativeMethodAccessorImpl.invoke(NativeMethodAccessorImpl.java:62)&#13;
	at sun.reflect.DelegatingMethodAccessorImpl.invoke(DelegatingMethodAccessorImpl.java:43)&#13;
	at java.lang.reflect.Method.invoke(Method.java:498)&#13;
	at org.gradle.internal.dispatch.ReflectionDispatch.dispatch(ReflectionDispatch.java:36)&#13;
	at org.gradle.internal.dispatch.ReflectionDispatch.dispatch(ReflectionDispatch.java:24)&#13;
	at org.gradle.internal.remote.internal.hub.MessageHubBackedObjectConnection$DispatchWrapper.dispatch(MessageHubBackedObjectConnection.java:182)&#13;
	at org.gradle.internal.remote.internal.hub.MessageHubBackedObjectConnection$DispatchWrapper.dispatch(MessageHubBackedObjectConnection.java:164)&#13;
	at org.gradle.internal.remote.internal.hub.MessageHub$Handler.run(MessageHub.java:412)&#13;
	at org.gradle.internal.concurrent.ExecutorPolicy$CatchAndRecordFailures.onExecute(ExecutorPolicy.java:64)&#13;
	at org.gradle.internal.concurrent.ManagedExecutorImpl$1.run(ManagedExecutorImpl.java:48)&#13;
	at java.util.concurrent.ThreadPoolExecutor.runWorker(ThreadPoolExecutor.java:1149)&#13;
	at java.util.concurrent.ThreadPoolExecutor$Worker.run(ThreadPoolExecutor.java:624)&#13;
	at org.gradle.internal.concurrent.ThreadFactoryImpl$ManagedThreadRunnable.run(ThreadFactoryImpl.java:56)&#13;
	at java.lang.Thread.run(Thread.java:748)&#13;
</stack-trace>
            </failure>
            <steps/>
            <attachments/>
            <labels>
                <label name="testSuite" value="Suite1"/>
                <label name="testGroup" value="Groups"/>
                <label name="testClass" value="ua.splinestudio.addressbook.tests.GroupModificationTests"/>
                <label name="testMethod" value="testGroupModification"/>
                <label name="host" value="WIN-H3K2C979116"/>
                <label name="thread" value="10480@WIN-H3K2C979116.Test worker(11)"/>
            </labels>
        </test-case>
        <test-case start="1577555820948" stop="1577555820950" status="canceled">
            <name>testGroupDeletion</name>
            <description></description>
            <failure>
                <message>: Skipped due to dependency on other skipped or failed test methods</message>
                <stack-trace>ru.yandex.qatools.allure.testng.AllureTestListener$1: Skipped due to dependency on other skipped or failed test methods&#13;
	at ru.yandex.qatools.allure.testng.AllureTestListener.fireTestCaseCancel(AllureTestListener.java:425)&#13;
	at ru.yandex.qatools.allure.testng.AllureTestListener.onTestSkipped(AllureTestListener.java:186)&#13;
	at org.testng.internal.TestListenerHelper.runTestListeners(TestListenerHelper.java:57)&#13;
	at org.testng.internal.TestInvoker.runTestResultListener(TestInvoker.java:210)&#13;
	at org.testng.internal.TestInvoker.invokeListenersForSkippedTestResult(TestInvoker.java:432)&#13;
	at org.testng.internal.TestInvoker.invokeMethod(TestInvoker.java:529)&#13;
	at org.testng.internal.TestInvoker.invokeTestMethod(TestInvoker.java:172)&#13;
	at org.testng.internal.MethodRunner.runInSequence(MethodRunner.java:46)&#13;
	at org.testng.internal.TestInvoker$MethodInvocationAgent.invoke(TestInvoker.java:804)&#13;
	at org.testng.internal.TestInvoker.invokeTestMethods(TestInvoker.java:145)&#13;
	at org.testng.internal.TestMethodWorker.invokeTestMethods(TestMethodWorker.java:146)&#13;
	at org.testng.internal.TestMethodWorker.run(TestMethodWorker.java:128)&#13;
	at java.util.ArrayList.forEach(ArrayList.java:1257)&#13;
	at org.testng.TestRunner.privateRun(TestRunner.java:770)&#13;
	at org.testng.TestRunner.run(TestRunner.java:591)&#13;
	at org.testng.SuiteRunner.runTest(SuiteRunner.java:402)&#13;
	at org.testng.SuiteRunner.runSequentially(SuiteRunner.java:396)&#13;
	at org.testng.SuiteRunner.privateRun(SuiteRunner.java:355)&#13;
	at org.testng.SuiteRunner.run(SuiteRunner.java:304)&#13;
	at org.testng.SuiteRunnerWorker.runSuite(SuiteRunnerWorker.java:53)&#13;
	at org.testng.SuiteRunnerWorker.run(SuiteRunnerWorker.java:96)&#13;
	at org.testng.TestNG.runSuitesSequentially(TestNG.java:1180)&#13;
	at org.testng.TestNG.runSuitesLocally(TestNG.java:1102)&#13;
	at org.testng.TestNG.runSuites(TestNG.java:1032)&#13;
	at org.testng.TestNG.run(TestNG.java:1000)&#13;
	at org.gradle.api.internal.tasks.testing.testng.TestNGTestClassProcessor.runTests(TestNGTestClassProcessor.java:141)&#13;
	at org.gradle.api.internal.tasks.testing.testng.TestNGTestClassProcessor.stop(TestNGTestClassProcessor.java:90)&#13;
	at org.gradle.api.internal.tasks.testing.SuiteTestClassProcessor.stop(SuiteTestClassProcessor.java:61)&#13;
	at sun.reflect.NativeMethodAccessorImpl.invoke0(Native Method)&#13;
	at sun.reflect.NativeMethodAccessorImpl.invoke(NativeMethodAccessorImpl.java:62)&#13;
	at sun.reflect.DelegatingMethodAccessorImpl.invoke(DelegatingMethodAccessorImpl.java:43)&#13;
	at java.lang.reflect.Method.invoke(Method.java:498)&#13;
	at org.gradle.internal.dispatch.ReflectionDispatch.dispatch(ReflectionDispatch.java:36)&#13;
	at org.gradle.internal.dispatch.ReflectionDispatch.dispatch(ReflectionDispatch.java:24)&#13;
	at org.gradle.internal.dispatch.ContextClassLoaderDispatch.dispatch(ContextClassLoaderDispatch.java:33)&#13;
	at org.gradle.internal.dispatch.ProxyDispatchAdapter$DispatchingInvocationHandler.invoke(ProxyDispatchAdapter.java:94)&#13;
	at com.sun.proxy.$Proxy2.stop(Unknown Source)&#13;
	at org.gradle.api.internal.tasks.testing.worker.TestWorker.stop(TestWorker.java:132)&#13;
	at sun.reflect.NativeMethodAccessorImpl.invoke0(Native Method)&#13;
	at sun.reflect.NativeMethodAccessorImpl.invoke(NativeMethodAccessorImpl.java:62)&#13;
	at sun.reflect.DelegatingMethodAccessorImpl.invoke(DelegatingMethodAccessorImpl.java:43)&#13;
	at java.lang.reflect.Method.invoke(Method.java:498)&#13;
	at org.gradle.internal.dispatch.ReflectionDispatch.dispatch(ReflectionDispatch.java:36)&#13;
	at org.gradle.internal.dispatch.ReflectionDispatch.dispatch(ReflectionDispatch.java:24)&#13;
	at org.gradle.internal.remote.internal.hub.MessageHubBackedObjectConnection$DispatchWrapper.dispatch(MessageHubBackedObjectConnection.java:182)&#13;
	at org.gradle.internal.remote.internal.hub.MessageHubBackedObjectConnection$DispatchWrapper.dispatch(MessageHubBackedObjectConnection.java:164)&#13;
	at org.gradle.internal.remote.internal.hub.MessageHub$Handler.run(MessageHub.java:412)&#13;
	at org.gradle.internal.concurrent.ExecutorPolicy$CatchAndRecordFailures.onExecute(ExecutorPolicy.java:64)&#13;
	at org.gradle.internal.concurrent.ManagedExecutorImpl$1.run(ManagedExecutorImpl.java:48)&#13;
	at java.util.concurrent.ThreadPoolExecutor.runWorker(ThreadPoolExecutor.java:1149)&#13;
	at java.util.concurrent.ThreadPoolExecutor$Worker.run(ThreadPoolExecutor.java:624)&#13;
	at org.gradle.internal.concurrent.ThreadFactoryImpl$ManagedThreadRunnable.run(ThreadFactoryImpl.java:56)&#13;
	at java.lang.Thread.run(Thread.java:748)&#13;
</stack-trace>
            </failure>
            <steps/>
            <attachments/>
            <labels>
                <label name="testSuite" value="Suite1"/>
                <label name="testGroup" value="Groups"/>
                <label name="testClass" value="ua.splinestudio.addressbook.tests.GroupDeletionTests"/>
                <label name="testMethod" value="testGroupDeletion"/>
                <label name="host" value="WIN-H3K2C979116"/>
                <label name="thread" value="10480@WIN-H3K2C979116.Test worker(11)"/>
            </labels>
        </test-case>
    </test-cases>
    <labels>
        <label name="framework" value="TestNG"/>
        <label name="language" value="JAVA"/>
    </labels>
</ns2:test-suite>
