<?xml version="1.0" encoding="UTF-8" standalone="yes"?>
<ns2:test-suite start="1579621168065" stop="1579621171884" version="1.5.4" xmlns:ns2="urn:model.allure.qatools.yandex.ru">
    <name>Gradle suite : Gradle test</name>
    <title>Gradle suite : Gradle test</title>
    <test-cases>
        <test-case start="1579621168600" stop="1579621171865" status="broken">
            <name>testReturnTrip</name>
            <description></description>
            <failure>
                <message>ElementClickInterceptedException: element click intercepted: Element &lt;input type="text" name="to" class="rounded form-control   to autocomplete-added" placeholder="Enter, streetname, place or country" id="to" value="" required=""&gt; is not clickable at point (710, 494). Other element would receive the click: &lt;strong&gt;...&lt;/strong&gt;
  (Session info: chrome=79.0.3945.130)
Build info: version: '4.0.0-alpha-3', revision: '8c567de6dc'
System info: host: 'WIN-H3K2C979116', ip: '192.168.31.20', os.name: 'Windows 10', os.arch: 'amd64', os.version: '10.0', java.version: '1.8.0_231'
Driver info: org.openqa.selenium.chrome.ChromeDriver
Capabilities {acceptInsecureCerts: false, browserName: chrome, browserVersion: 79.0.3945.130, chrome: {chromedriverVersion: 78.0.3904.105 (60e2d8774a81..., userDataDir: C:\Users\User\AppData\Local...}, goog:chromeOptions: {debuggerAddress: localhost:58901}, javascriptEnabled: true, networkConnectionEnabled: false, pageLoadStrategy: eager, platform: XP, platformName: XP, proxy: Proxy(), setWindowRect: true, strictFileInteractability: false, timeouts: {implicit: 0, pageLoad: 300000, script: 30000}, unhandledPromptBehavior: dismiss and notify}
Session ID: a639c81fb8cdaa3be56e626979baf724</message>
                <stack-trace>org.openqa.selenium.ElementClickInterceptedException: element click intercepted: Element
                    &lt;input type="text" name="to" class="rounded form-control to autocomplete-added"
                    placeholder="Enter, streetname, place or country" id="to" value="" required=""&gt; is not clickable
                    at point (710, 494). Other element would receive the click: &lt;strong&gt;...&lt;/strong&gt;
                    (Session info: chrome=79.0.3945.130)
                    Build info: version: '4.0.0-alpha-3', revision: '8c567de6dc'
                    System info: host: 'WIN-H3K2C979116', ip: '192.168.31.20', os.name: 'Windows 10', os.arch: 'amd64',
                    os.version: '10.0', java.version: '1.8.0_231'
                    Driver info: org.openqa.selenium.chrome.ChromeDriver
                    Capabilities {acceptInsecureCerts: false, browserName: chrome, browserVersion: 79.0.3945.130,
                    chrome: {chromedriverVersion: 78.0.3904.105 (60e2d8774a81..., userDataDir:
                    C:\Users\User\AppData\Local...}, goog:chromeOptions: {debuggerAddress: localhost:58901},
                    javascriptEnabled: true, networkConnectionEnabled: false, pageLoadStrategy: eager, platform: XP,
                    platformName: XP, proxy: Proxy(), setWindowRect: true, strictFileInteractability: false, timeouts:
                    {implicit: 0, pageLoad: 300000, script: 30000}, unhandledPromptBehavior: dismiss and notify}
                    Session ID: a639c81fb8cdaa3be56e626979baf724&#13;
                    at sun.reflect.NativeConstructorAccessorImpl.newInstance0(Native Method)&#13;
                    at sun.reflect.NativeConstructorAccessorImpl.newInstance(NativeConstructorAccessorImpl.java:62)&#13;
                    at
                    sun.reflect.DelegatingConstructorAccessorImpl.newInstance(DelegatingConstructorAccessorImpl.java:45)&#13;
                    at java.lang.reflect.Constructor.newInstance(Constructor.java:423)&#13;
                    at
                    org.openqa.selenium.remote.codec.w3c.W3CHttpResponseCodec.createException(W3CHttpResponseCodec.java:191)&#13;
                    at org.openqa.selenium.remote.codec.w3c.W3CHttpResponseCodec.decode(W3CHttpResponseCodec.java:125)&#13;
                    at org.openqa.selenium.remote.codec.w3c.W3CHttpResponseCodec.decode(W3CHttpResponseCodec.java:52)&#13;
                    at org.openqa.selenium.remote.HttpCommandExecutor.execute(HttpCommandExecutor.java:161)&#13;
                    at org.openqa.selenium.remote.service.DriverCommandExecutor.execute(DriverCommandExecutor.java:83)&#13;
                    at org.openqa.selenium.remote.RemoteWebDriver.execute(RemoteWebDriver.java:576)&#13;
                    at org.openqa.selenium.remote.RemoteWebElement.execute(RemoteWebElement.java:308)&#13;
                    at org.openqa.selenium.remote.RemoteWebElement.click(RemoteWebElement.java:83)&#13;
                    at testpackage.pages.HomePage.setToField(HomePage.java:90)&#13;
                    at testpackage.tests.ReturnTripTest.testReturnTrip(ReturnTripTest.java:16)&#13;
                    at sun.reflect.NativeMethodAccessorImpl.invoke0(Native Method)&#13;
                    at sun.reflect.NativeMethodAccessorImpl.invoke(NativeMethodAccessorImpl.java:62)&#13;
                    at sun.reflect.DelegatingMethodAccessorImpl.invoke(DelegatingMethodAccessorImpl.java:43)&#13;
                    at java.lang.reflect.Method.invoke(Method.java:498)&#13;
                    at org.testng.internal.MethodInvocationHelper.invokeMethod(MethodInvocationHelper.java:133)&#13;
                    at org.testng.internal.TestInvoker.invokeMethod(TestInvoker.java:584)&#13;
                    at org.testng.internal.TestInvoker.invokeTestMethod(TestInvoker.java:172)&#13;
                    at org.testng.internal.MethodRunner.runInSequence(MethodRunner.java:46)&#13;
                    at org.testng.internal.TestInvoker$MethodInvocationAgent.invoke(TestInvoker.java:804)&#13;
                    at org.testng.internal.TestInvoker.invokeTestMethods(TestInvoker.java:145)&#13;
                    at org.testng.internal.TestMethodWorker.invokeTestMethods(TestMethodWorker.java:146)&#13;
                    at org.testng.internal.TestMethodWorker.run(TestMethodWorker.java:128)&#13;
                    at java.util.ArrayList.forEach(ArrayList.java:1257)&#13;
                    at org.testng.TestRunner.privateRun(TestRunner.java:770)&#13;
                    at org.testng.TestRunner.run(TestRunner.java:591)&#13;
                    at org.testng.SuiteRunner.runTest(SuiteRunner.java:402)&#13;
                    at org.testng.SuiteRunner.runSequentially(SuiteRunner.java:396)&#13;
                    at org.testng.SuiteRunner.privateRun(SuiteRunner.java:355)&#13;
                    at org.testng.SuiteRunner.run(SuiteRunner.java:304)&#13;
                    at org.testng.SuiteRunnerWorker.runSuite(SuiteRunnerWorker.java:53)&#13;
                    at org.testng.SuiteRunnerWorker.run(SuiteRunnerWorker.java:96)&#13;
                    at org.testng.TestNG.runSuitesSequentially(TestNG.java:1180)&#13;
                    at org.testng.TestNG.runSuitesLocally(TestNG.java:1102)&#13;
                    at org.testng.TestNG.runSuites(TestNG.java:1032)&#13;
                    at org.testng.TestNG.run(TestNG.java:1000)&#13;
                    at
                    org.gradle.api.internal.tasks.testing.testng.TestNGTestClassProcessor.runTests(TestNGTestClassProcessor.java:141)&#13;
                    at
                    org.gradle.api.internal.tasks.testing.testng.TestNGTestClassProcessor.stop(TestNGTestClassProcessor.java:90)&#13;
                    at
                    org.gradle.api.internal.tasks.testing.SuiteTestClassProcessor.stop(SuiteTestClassProcessor.java:61)&#13;
                    at sun.reflect.NativeMethodAccessorImpl.invoke0(Native Method)&#13;
                    at sun.reflect.NativeMethodAccessorImpl.invoke(NativeMethodAccessorImpl.java:62)&#13;
                    at sun.reflect.DelegatingMethodAccessorImpl.invoke(DelegatingMethodAccessorImpl.java:43)&#13;
                    at java.lang.reflect.Method.invoke(Method.java:498)&#13;
                    at org.gradle.internal.dispatch.ReflectionDispatch.dispatch(ReflectionDispatch.java:36)&#13;
                    at org.gradle.internal.dispatch.ReflectionDispatch.dispatch(ReflectionDispatch.java:24)&#13;
                    at
                    org.gradle.internal.dispatch.ContextClassLoaderDispatch.dispatch(ContextClassLoaderDispatch.java:33)&#13;
                    at
                    org.gradle.internal.dispatch.ProxyDispatchAdapter$DispatchingInvocationHandler.invoke(ProxyDispatchAdapter.java:94)&#13;
                    at com.sun.proxy.$Proxy2.stop(Unknown Source)&#13;
                    at org.gradle.api.internal.tasks.testing.worker.TestWorker.stop(TestWorker.java:132)&#13;
                    at sun.reflect.NativeMethodAccessorImpl.invoke0(Native Method)&#13;
                    at sun.reflect.NativeMethodAccessorImpl.invoke(NativeMethodAccessorImpl.java:62)&#13;
                    at sun.reflect.DelegatingMethodAccessorImpl.invoke(DelegatingMethodAccessorImpl.java:43)&#13;
                    at java.lang.reflect.Method.invoke(Method.java:498)&#13;
                    at org.gradle.internal.dispatch.ReflectionDispatch.dispatch(ReflectionDispatch.java:36)&#13;
                    at org.gradle.internal.dispatch.ReflectionDispatch.dispatch(ReflectionDispatch.java:24)&#13;
                    at
                    org.gradle.internal.remote.internal.hub.MessageHubBackedObjectConnection$DispatchWrapper.dispatch(MessageHubBackedObjectConnection.java:182)&#13;
                    at
                    org.gradle.internal.remote.internal.hub.MessageHubBackedObjectConnection$DispatchWrapper.dispatch(MessageHubBackedObjectConnection.java:164)&#13;
                    at org.gradle.internal.remote.internal.hub.MessageHub$Handler.run(MessageHub.java:412)&#13;
                    at
                    org.gradle.internal.concurrent.ExecutorPolicy$CatchAndRecordFailures.onExecute(ExecutorPolicy.java:64)&#13;
                    at org.gradle.internal.concurrent.ManagedExecutorImpl$1.run(ManagedExecutorImpl.java:48)&#13;
                    at java.util.concurrent.ThreadPoolExecutor.runWorker(ThreadPoolExecutor.java:1149)&#13;
                    at java.util.concurrent.ThreadPoolExecutor$Worker.run(ThreadPoolExecutor.java:624)&#13;
                    at
                    org.gradle.internal.concurrent.ThreadFactoryImpl$ManagedThreadRunnable.run(ThreadFactoryImpl.java:56)&#13;
                    at java.lang.Thread.run(Thread.java:748)&#13;
                </stack-trace>
            </failure>
            <steps/>
            <attachments/>
            <labels>
                <label name="testSuite" value="Gradle suite"/>
                <label name="testGroup" value="Gradle test"/>
                <label name="testClass" value="testpackage.tests.ReturnTripTest"/>
                <label name="testMethod" value="testReturnTrip"/>
                <label name="host" value="WIN-H3K2C979116"/>
                <label name="thread" value="8716@WIN-H3K2C979116.Test worker(14)"/>
            </labels>
        </test-case>
    </test-cases>
    <labels>
        <label name="framework" value="TestNG"/>
        <label name="language" value="JAVA"/>
    </labels>
</ns2:test-suite>
